\BOOKMARK [1][]{Doc-Start}{\376\377\144\130\211\201}{}% 1
\BOOKMARK [1][]{Doc-Start}{\376\377\000A\000b\000s\000t\000r\000a\000c\000t}{}% 2
\BOOKMARK [1][]{section.1}{\376\377\0001\000.\000\040\121\163\116\216\152\041\147\177\166\204\116\000\116\233\213\364\146\016}{}% 3
\BOOKMARK [2][]{subsection.1.1}{\376\377\0001\000.\0001\000\040\152\041\147\177\166\204\147\204\142\020}{section.1}% 4
\BOOKMARK [3][]{subsubsection.1.1.1}{\376\377\0001\000.\0001\000.\0001\000\040\116\011\176\247\150\007\230\230}{subsection.1.1}% 5
\BOOKMARK [2][]{subsection.1.2}{\376\377\0001\000.\0002\000\040\000C\000T\000e\000X\000\040\173\200\116\313}{section.1}% 6
\BOOKMARK [2][]{subsection.1.3}{\376\377\0001\000.\0003\000\040\000C\000T\000e\000X\000\040\166\204\133\211\210\305}{section.1}% 7
\BOOKMARK [2][]{subsection.1.4}{\376\377\0001\000.\0004\000\040\000C\000T\000e\000X\000\040\145\207\116\366\166\204\177\026\213\321}{section.1}% 8
\BOOKMARK [2][]{subsection.1.5}{\376\377\0001\000.\0005\000\040\116\146\173\176\166\204\220\011\142\351}{section.1}% 9
\BOOKMARK [2][]{subsection.1.6}{\376\377\0001\000.\0006\000\040\175\042\137\025\166\204\165\037\142\020}{section.1}% 10
\BOOKMARK [2][]{subsection.1.7}{\376\377\0001\000.\0007\000\040\000C\000T\000e\000X\000\040\145\207\116\366\177\026\213\321\124\016\116\247\165\037\166\204\226\104\134\136\145\207\116\366}{section.1}% 11
\BOOKMARK [1][]{section.2}{\376\377\0002\000.\000\040\116\016\145\160\133\146\147\011\121\163\166\204\116\000\116\233\121\205\133\271}{}% 12
\BOOKMARK [2][]{subsection.2.1}{\376\377\0002\000.\0001\000\040\136\070\211\301\166\204\145\160\133\146\163\257\130\203\171\072\117\213}{section.2}% 13
\BOOKMARK [2][]{subsection.2.2}{\376\377\0002\000.\0002\000\040\173\227\154\325\166\204\143\222\162\110}{section.2}% 14
\BOOKMARK [1][]{section.3}{\376\377\0003\000.\000\040\131\032\150\017\143\222\162\110}{}% 15
\BOOKMARK [1][]{section.4}{\376\377\0004\000.\000\040\210\150\150\074\060\001\121\154\137\017\116\016\143\322\126\376}{}% 16
\BOOKMARK [2][]{subsection.4.1}{\376\377\0004\000.\0001\000\040\210\150\150\074}{section.4}% 17
\BOOKMARK [2][]{subsection.4.2}{\376\377\0004\000.\0002\000\040\121\154\137\017}{section.4}% 18
\BOOKMARK [2][]{subsection.4.3}{\376\377\0004\000.\0003\000\040\143\322\126\376}{section.4}% 19
\BOOKMARK [1][]{section.5}{\376\377\0005\000.\000\040\123\302\200\003\145\207\163\056\166\204\137\025\165\050\171\072\117\213}{}% 20
\BOOKMARK [1][]{section.6}{\376\377\0006\000.\000\040\172\013\136\217\116\343\170\001\166\204\143\322\121\145}{}% 21
\BOOKMARK [1][]{section.6}{\376\377\123\302\200\003\145\207\163\056}{}% 22
\BOOKMARK [1][]{section*.13}{\376\377\175\042\137\025}{}% 23
\BOOKMARK [1][]{section*.14}{\376\377\201\364\214\042}{}% 24
\BOOKMARK [1][]{appendix.A}{\376\377\000A\000\040\000M\000a\000t\000l\000a\000b\000\040\116\343\170\001}{}% 25
\BOOKMARK [1][]{appendix.B}{\376\377\000B\000\040\000M\000a\000t\000h\000e\000m\000a\000t\000i\000c\000a\000\040\116\343\170\001}{}% 26
\BOOKMARK [1][]{appendix.C}{\376\377\000C\000\040\000R\000\040\116\343\170\001}{}% 27
\BOOKMARK [1][]{appendix.D}{\376\377\000D\000\040\000D\000E\000S\000\040\000C\000+\000+\000\040\116\343\170\001}{}% 28
