This is XeTeX, Version 3.141592653-2.6-0.999994 (TeX Live 2022) (preloaded format=xelatex 2022.11.17)  5 DEC 2022 14:11
entering extended mode
 restricted \write18 enabled.
 %&-line parsing enabled.
**myTemplate.tex
(./myTemplate.tex
LaTeX2e <2022-11-01>
L3 programming layer <2022-11-02>
(d:/texlive/2022/texmf-dist/tex/latex/ctex/ctexart.cls
(d:/texlive/2022/texmf-dist/tex/latex/ctex/config/ctexbackend.cfg
File: ctexbackend.cfg 2022/07/14 v2.5.10 Backend configuration file (CTEX)
)
(d:/texlive/2022/texmf-dist/tex/latex/l3kernel/expl3.sty
Package: expl3 2022-11-02 L3 programming layer (loader) 

(d:/texlive/2022/texmf-dist/tex/latex/l3backend/l3backend-xetex.def
File: l3backend-xetex.def 2022-10-26 L3 backend support: XeTeX
\g__graphics_track_int=\count181
\l__pdf_internal_box=\box51
\g__pdf_backend_object_int=\count182
\g__pdf_backend_annotation_int=\count183
\g__pdf_backend_link_int=\count184
))
Document Class: ctexart 2022/07/14 v2.5.10 Chinese adapter for class article (C
TEX)
(d:/texlive/2022/texmf-dist/tex/latex/ctex/ctexhook.sty
Package: ctexhook 2022/07/14 v2.5.10 Document and package hooks (CTEX)
)
(d:/texlive/2022/texmf-dist/tex/latex/ctex/ctexpatch.sty
Package: ctexpatch 2022/07/14 v2.5.10 Patching commands (CTEX)
)
(d:/texlive/2022/texmf-dist/tex/latex/base/fix-cm.sty
Package: fix-cm 2020/11/24 v1.1t fixes to LaTeX

(d:/texlive/2022/texmf-dist/tex/latex/base/ts1enc.def
File: ts1enc.def 2001/06/05 v3.0e (jk/car/fm) Standard LaTeX file
LaTeX Font Info:    Redeclaring font encoding TS1 on input line 47.
))
\l__ctex_tmp_int=\count185
\l__ctex_tmp_box=\box52
\l__ctex_tmp_dim=\dimen140
\g__ctex_section_depth_int=\count186
\g__ctex_font_size_int=\count187

(d:/texlive/2022/texmf-dist/tex/latex/ctex/config/ctexopts.cfg
File: ctexopts.cfg 2022/07/14 v2.5.10 Option configuration file (CTEX)
)
(d:/texlive/2022/texmf-dist/tex/latex/base/article.cls
Document Class: article 2022/07/02 v1.4n Standard LaTeX document class
(d:/texlive/2022/texmf-dist/tex/latex/base/size10.clo
File: size10.clo 2022/07/02 v1.4n Standard LaTeX file (size option)
)
\c@part=\count188
\c@section=\count189
\c@subsection=\count190
\c@subsubsection=\count191
\c@paragraph=\count192
\c@subparagraph=\count193
\c@figure=\count194
\c@table=\count195
\abovecaptionskip=\skip47
\belowcaptionskip=\skip48
\bibindent=\dimen141
)
(d:/texlive/2022/texmf-dist/tex/latex/ctex/engine/ctex-engine-xetex.def
File: ctex-engine-xetex.def 2022/07/14 v2.5.10 XeLaTeX adapter (CTEX)

(d:/texlive/2022/texmf-dist/tex/xelatex/xecjk/xeCJK.sty
Package: xeCJK 2022/08/05 v3.9.1 Typesetting CJK scripts with XeLaTeX

(d:/texlive/2022/texmf-dist/tex/latex/l3packages/xtemplate/xtemplate.sty
Package: xtemplate 2022-06-22 L3 Experimental prototype document functions
\l__xtemplate_tmp_dim=\dimen142
\l__xtemplate_tmp_int=\count196
\l__xtemplate_tmp_muskip=\muskip16
\l__xtemplate_tmp_skip=\skip49
)
\l__xeCJK_tmp_int=\count197
\l__xeCJK_tmp_box=\box53
\l__xeCJK_tmp_dim=\dimen143
\l__xeCJK_tmp_skip=\skip50
\g__xeCJK_space_factor_int=\count198
\l__xeCJK_begin_int=\count199
\l__xeCJK_end_int=\count266
\c__xeCJK_CJK_class_int=\XeTeXcharclass1
\c__xeCJK_FullLeft_class_int=\XeTeXcharclass2
\c__xeCJK_FullRight_class_int=\XeTeXcharclass3
\c__xeCJK_HalfLeft_class_int=\XeTeXcharclass4
\c__xeCJK_HalfRight_class_int=\XeTeXcharclass5
\c__xeCJK_NormalSpace_class_int=\XeTeXcharclass6
\c__xeCJK_CM_class_int=\XeTeXcharclass7
\c__xeCJK_HangulJamo_class_int=\XeTeXcharclass8
\l__xeCJK_last_skip=\skip51
\c__xeCJK_none_node=\count267
\g__xeCJK_node_int=\count268
\c__xeCJK_CJK_node_dim=\dimen144
\c__xeCJK_CJK-space_node_dim=\dimen145
\c__xeCJK_default_node_dim=\dimen146
\c__xeCJK_CJK-widow_node_dim=\dimen147
\c__xeCJK_normalspace_node_dim=\dimen148
\c__xeCJK_default-space_node_skip=\skip52
\l__xeCJK_ccglue_skip=\skip53
\l__xeCJK_ecglue_skip=\skip54
\l__xeCJK_punct_kern_skip=\skip55
\l__xeCJK_indent_box=\box54
\l__xeCJK_last_penalty_int=\count269
\l__xeCJK_last_bound_dim=\dimen149
\l__xeCJK_last_kern_dim=\dimen150
\l__xeCJK_widow_penalty_int=\count270

Package xtemplate Info: Declaring object type 'xeCJK/punctuation' taking 0
(xtemplate)             argument(s) on line 2396.

\l__xeCJK_fixed_punct_width_dim=\dimen151
\l__xeCJK_mixed_punct_width_dim=\dimen152
\l__xeCJK_middle_punct_width_dim=\dimen153
\l__xeCJK_fixed_margin_width_dim=\dimen154
\l__xeCJK_mixed_margin_width_dim=\dimen155
\l__xeCJK_middle_margin_width_dim=\dimen156
\l__xeCJK_bound_punct_width_dim=\dimen157
\l__xeCJK_bound_margin_width_dim=\dimen158
\l__xeCJK_margin_minimum_dim=\dimen159
\l__xeCJK_kerning_total_width_dim=\dimen160
\l__xeCJK_same_align_margin_dim=\dimen161
\l__xeCJK_different_align_margin_dim=\dimen162
\l__xeCJK_kerning_margin_width_dim=\dimen163
\l__xeCJK_kerning_margin_minimum_dim=\dimen164
\l__xeCJK_bound_dim=\dimen165
\l__xeCJK_reverse_bound_dim=\dimen166
\l__xeCJK_margin_dim=\dimen167
\l__xeCJK_minimum_bound_dim=\dimen168
\l__xeCJK_kerning_margin_dim=\dimen169
\g__xeCJK_family_int=\count271
\l__xeCJK_fam_int=\count272
\g__xeCJK_fam_allocation_int=\count273
\l__xeCJK_verb_case_int=\count274
\l__xeCJK_verb_exspace_skip=\skip56

(d:/texlive/2022/texmf-dist/tex/latex/fontspec/fontspec.sty
(d:/texlive/2022/texmf-dist/tex/latex/l3packages/xparse/xparse.sty
Package: xparse 2022-06-22 L3 Experimental document command parser
)
Package: fontspec 2022/01/15 v2.8a Font selection for XeLaTeX and LuaLaTeX

(d:/texlive/2022/texmf-dist/tex/latex/fontspec/fontspec-xetex.sty
Package: fontspec-xetex 2022/01/15 v2.8a Font selection for XeLaTeX and LuaLaTe
X
\l__fontspec_script_int=\count275
\l__fontspec_language_int=\count276
\l__fontspec_strnum_int=\count277
\l__fontspec_tmp_int=\count278
\l__fontspec_tmpa_int=\count279
\l__fontspec_tmpb_int=\count280
\l__fontspec_tmpc_int=\count281
\l__fontspec_em_int=\count282
\l__fontspec_emdef_int=\count283
\l__fontspec_strong_int=\count284
\l__fontspec_strongdef_int=\count285
\l__fontspec_tmpa_dim=\dimen170
\l__fontspec_tmpb_dim=\dimen171
\l__fontspec_tmpc_dim=\dimen172

(d:/texlive/2022/texmf-dist/tex/latex/base/fontenc.sty
Package: fontenc 2021/04/29 v2.0v Standard LaTeX package
)
(d:/texlive/2022/texmf-dist/tex/latex/fontspec/fontspec.cfg)))
(d:/texlive/2022/texmf-dist/tex/xelatex/xecjk/xeCJK.cfg
File: xeCJK.cfg 2022/08/05 v3.9.1 Configuration file for xeCJK package
))
\ccwd=\dimen173
\l__ctex_ccglue_skip=\skip57
)
\l__ctex_ziju_dim=\dimen174

(d:/texlive/2022/texmf-dist/tex/latex/zhnumber/zhnumber.sty
Package: zhnumber 2022/07/14 v3.0 Typesetting numbers with Chinese glyphs
\l__zhnum_scale_int=\count286
\l__zhnum_tmp_int=\count287

(d:/texlive/2022/texmf-dist/tex/latex/zhnumber/zhnumber-utf8.cfg
File: zhnumber-utf8.cfg 2022/07/14 v3.0 Chinese numerals with UTF8 encoding
))
\l__ctex_heading_skip=\skip58

(d:/texlive/2022/texmf-dist/tex/latex/ctex/scheme/ctex-scheme-chinese-article.d
ef
File: ctex-scheme-chinese-article.def 2022/07/14 v2.5.10 Chinese scheme for art
icle (CTEX)
 (d:/texlive/2022/texmf-dist/tex/latex/ctex/config/ctex-name-utf8.cfg
File: ctex-name-utf8.cfg 2022/07/14 v2.5.10 Caption with encoding UTF-8 (CTEX)
))
(d:/texlive/2022/texmf-dist/tex/latex/ctex/ctex-c5size.clo
File: ctex-c5size.clo 2022/07/14 v2.5.10 c5size option (CTEX)
)
(d:/texlive/2022/texmf-dist/tex/latex/ctex/fontset/ctex-fontset-windows.def
File: ctex-fontset-windows.def 2022/07/14 v2.5.10 Windows fonts definition (CTE
X)

Package fontspec Info: Could not resolve font "KaiTi/B" (it probably doesn't
(fontspec)             exist).


Package fontspec Info: Could not resolve font "SimHei/I" (it probably doesn't
(fontspec)             exist).


Package fontspec Info: Could not resolve font "SimSun/BI" (it probably doesn't
(fontspec)             exist).


Package fontspec Info: Font family 'SimSun(0)' created for font 'SimSun' with
(fontspec)             options
(fontspec)             [Script={CJK},BoldFont={SimHei},ItalicFont={KaiTi}].
(fontspec)              
(fontspec)              This font family consists of the following NFSS
(fontspec)             series/shapes:
(fontspec)              
(fontspec)             - 'normal' (m/n) with NFSS spec.:
(fontspec)             <->"SimSun/OT:script=hani;language=dflt;"
(fontspec)             - 'small caps'  (m/sc) with NFSS spec.: 
(fontspec)             - 'bold' (b/n) with NFSS spec.:
(fontspec)             <->"SimHei/OT:script=hani;language=dflt;"
(fontspec)             - 'bold small caps'  (b/sc) with NFSS spec.: 
(fontspec)             - 'italic' (m/it) with NFSS spec.:
(fontspec)             <->"KaiTi/OT:script=hani;language=dflt;"
(fontspec)             - 'italic small caps'  (m/scit) with NFSS spec.: 

))
(d:/texlive/2022/texmf-dist/tex/latex/ctex/config/ctex.cfg
File: ctex.cfg 2022/07/14 v2.5.10 Configuration file (CTEX)
)
(d:/texlive/2022/texmf-dist/tex/latex/SWUthesis/SWUthesis.sty
Package: SWUthesis 2015/6/14 v1.0 SWU undergraduate thesis

SWU latex template thesis for undergraduate Version 1.0
(d:/texlive/2022/texmf-dist/tex/latex/pstricks/pstricks.sty
Package: pstricks 2022/19/23 v0.72 LaTeX wrapper for `PSTricks' (RN,HV)

(d:/texlive/2022/texmf-dist/tex/generic/iftex/iftex.sty
Package: iftex 2022/02/03 v1.0f TeX engine tests
)
(d:/texlive/2022/texmf-dist/tex/latex/xcolor/xcolor.sty
Package: xcolor 2022/06/12 v2.14 LaTeX color extensions (UK)

(d:/texlive/2022/texmf-dist/tex/latex/graphics-cfg/color.cfg
File: color.cfg 2016/01/02 v1.6 sample color configuration
)
Package xcolor Info: Driver file: xetex.def on input line 227.

(d:/texlive/2022/texmf-dist/tex/latex/graphics-def/xetex.def
File: xetex.def 2022/09/22 v5.0n Graphics/color driver for xetex
)
(d:/texlive/2022/texmf-dist/tex/latex/graphics/mathcolor.ltx)
Package xcolor Info: Model `cmy' substituted by `cmy0' on input line 1353.
Package xcolor Info: Model `RGB' extended on input line 1369.
Package xcolor Info: Model `HTML' substituted by `rgb' on input line 1371.
Package xcolor Info: Model `Hsb' substituted by `hsb' on input line 1372.
Package xcolor Info: Model `tHsb' substituted by `hsb' on input line 1373.
Package xcolor Info: Model `HSB' substituted by `hsb' on input line 1374.
Package xcolor Info: Model `Gray' substituted by `gray' on input line 1375.
Package xcolor Info: Model `wave' substituted by `hsb' on input line 1376.

(d:/texlive/2022/texmf-dist/tex/latex/xcolor/x11nam.def
File: x11nam.def 2022/06/12 v2.14 Predefined colors according to Unix/X11 (UK)
))
(d:/texlive/2022/texmf-dist/tex/generic/xkeyval/pst-xkey.tex
File: pst-xkey.tex 2005/11/25 v1.6 PSTricks specialization of xkeyval (HA)

(d:/texlive/2022/texmf-dist/tex/latex/xkeyval/xkeyval.sty
Package: xkeyval 2022/06/16 v2.9 package option processing (HA)

(d:/texlive/2022/texmf-dist/tex/generic/xkeyval/xkeyval.tex
(d:/texlive/2022/texmf-dist/tex/generic/xkeyval/xkvutils.tex
\XKV@toks=\toks16
\XKV@tempa@toks=\toks17

(d:/texlive/2022/texmf-dist/tex/generic/xkeyval/keyval.tex))
\XKV@depth=\count288
File: xkeyval.tex 2014/12/03 v2.7a key=value parser (HA)
)))
(d:/texlive/2022/texmf-dist/tex/generic/pstricks/pstricks.tex
(d:/texlive/2022/texmf-dist/tex/generic/pstricks/pst-fp.tex
`pst-fp' v0.06, 2020/11/20 (hv)
\pstFP@xs=\count289
\pstFP@xia=\count290
\pstFP@xib=\count291
\pstFP@xfa=\count292
\pstFP@xfb=\count293
\pstFP@rega=\count294
\pstFP@regb=\count295
\pstFP@regs=\count296
\pstFP@times=\count297
)
(d:/texlive/2022/texmf-dist/tex/latex/pgf/utilities/pgffor.sty
(d:/texlive/2022/texmf-dist/tex/latex/pgf/utilities/pgfrcs.sty
(d:/texlive/2022/texmf-dist/tex/generic/pgf/utilities/pgfutil-common.tex
\pgfutil@everybye=\toks18
\pgfutil@tempdima=\dimen175
\pgfutil@tempdimb=\dimen176

(d:/texlive/2022/texmf-dist/tex/generic/pgf/utilities/pgfutil-common-lists.tex)
) (d:/texlive/2022/texmf-dist/tex/generic/pgf/utilities/pgfutil-latex.def
\pgfutil@abb=\box55
)
(d:/texlive/2022/texmf-dist/tex/generic/pgf/utilities/pgfrcs.code.tex
(d:/texlive/2022/texmf-dist/tex/generic/pgf/pgf.revision.tex)
Package: pgfrcs 2021/05/15 v3.1.9a (3.1.9a)
))
(d:/texlive/2022/texmf-dist/tex/latex/pgf/utilities/pgfkeys.sty
(d:/texlive/2022/texmf-dist/tex/generic/pgf/utilities/pgfkeys.code.tex
\pgfkeys@pathtoks=\toks19
\pgfkeys@temptoks=\toks20

(d:/texlive/2022/texmf-dist/tex/generic/pgf/utilities/pgfkeysfiltered.code.tex
\pgfkeys@tmptoks=\toks21
))) (d:/texlive/2022/texmf-dist/tex/latex/pgf/math/pgfmath.sty
(d:/texlive/2022/texmf-dist/tex/generic/pgf/math/pgfmath.code.tex
(d:/texlive/2022/texmf-dist/tex/generic/pgf/math/pgfmathcalc.code.tex
(d:/texlive/2022/texmf-dist/tex/generic/pgf/math/pgfmathutil.code.tex
\pgf@x=\dimen177
\pgf@xa=\dimen178
\pgf@xb=\dimen179
\pgf@xc=\dimen180
\pgf@y=\dimen181
\pgf@ya=\dimen182
\pgf@yb=\dimen183
\pgf@yc=\dimen184
\c@pgf@counta=\count298
\c@pgf@countb=\count299
\c@pgf@countc=\count300
\c@pgf@countd=\count301
)
(d:/texlive/2022/texmf-dist/tex/generic/pgf/math/pgfmathparser.code.tex
\pgfmath@dimen=\dimen185
\pgfmath@count=\count302
\pgfmath@box=\box56
\pgfmath@toks=\toks22
\pgfmath@stack@operand=\toks23
\pgfmath@stack@operation=\toks24
)
(d:/texlive/2022/texmf-dist/tex/generic/pgf/math/pgfmathfunctions.code.tex
(d:/texlive/2022/texmf-dist/tex/generic/pgf/math/pgfmathfunctions.basic.code.te
x)
(d:/texlive/2022/texmf-dist/tex/generic/pgf/math/pgfmathfunctions.trigonometric
.code.tex)
(d:/texlive/2022/texmf-dist/tex/generic/pgf/math/pgfmathfunctions.random.code.t
ex)
(d:/texlive/2022/texmf-dist/tex/generic/pgf/math/pgfmathfunctions.comparison.co
de.tex)
(d:/texlive/2022/texmf-dist/tex/generic/pgf/math/pgfmathfunctions.base.code.tex
)
(d:/texlive/2022/texmf-dist/tex/generic/pgf/math/pgfmathfunctions.round.code.te
x)
(d:/texlive/2022/texmf-dist/tex/generic/pgf/math/pgfmathfunctions.misc.code.tex
)
(d:/texlive/2022/texmf-dist/tex/generic/pgf/math/pgfmathfunctions.integerarithm
etics.code.tex)))
(d:/texlive/2022/texmf-dist/tex/generic/pgf/math/pgfmathfloat.code.tex
\c@pgfmathroundto@lastzeros=\count303
)))
(d:/texlive/2022/texmf-dist/tex/generic/pgf/utilities/pgffor.code.tex
Package: pgffor 2021/05/15 v3.1.9a (3.1.9a)

(d:/texlive/2022/texmf-dist/tex/generic/pgf/math/pgfmath.code.tex)
\pgffor@iter=\dimen186
\pgffor@skip=\dimen187
\pgffor@stack=\toks25
\pgffor@toks=\toks26
))
\psLoopIndex=\count304

`PSTricks' v3.17  <2022/10/23> (tvz,hv)
\pst@dima=\dimen188
\pst@dimb=\dimen189
\pst@dimc=\dimen190
\pst@dimd=\dimen191
\pst@dimg=\dimen192
\pst@dimh=\dimen193
\pst@dimm=\dimen194
\pst@dimn=\dimen195
\pst@dimo=\dimen196
\pst@dimp=\dimen197
\pst@hbox=\box57
\pst@ibox=\box58
\pst@boxg=\box59
\pst@cnta=\count305
\pst@cntb=\count306
\pst@cntc=\count307
\pst@cntd=\count308
\pst@cntg=\count309
\pst@cnth=\count310
\pst@cntm=\count311
\pst@cntn=\count312
\pst@cnto=\count313
\pst@cntp=\count314
\@zero=\count315
\pst@toks=\toks27
--- We are running latex or xelatex ---
(d:/texlive/2022/texmf-dist/tex/xelatex/xetex-pstricks/pstricks.con
(d:/texlive/2022/texmf-dist/tex/generic/pstricks/config/xdvipdfmx.cfg))
(d:/texlive/2022/texmf-dist/tex/generic/pstricks/pstricks-color.tex)
\psunit=\dimen198
\psxunit=\dimen199
\psyunit=\dimen256
\pst@C@@rType=\count316
\pslinewidth=\dimen257
\psk@startLW=\dimen258
\psk@endLW=\dimen259

(d:/texlive/2022/texmf-dist/tex/generic/pstricks/pstricks-arrows.tex
\pshooklength=\dimen260
\pshookwidth=\dimen261
)
\pst@customdefs=\toks28

(d:/texlive/2022/texmf-dist/tex/generic/pstricks/pstricks-dots.tex)
\pslinearc=\dimen262
\pst@symbolStep=\dimen263
\pst@symbolWidth=\dimen264
\pst@symbolLinewidth=\dimen265
\everypsbox=\toks29
\psframesep=\dimen266
\pslabelsep=\dimen267
\sh@wgridXunit=\dimen268
\sh@wgridYunit=\dimen269
\pst@shift=\dimen270
\ps@imagectr=\count317

(d:/texlive/2022/texmf-dist/tex/xelatex/xetex-pstricks/pstricks.con
(d:/texlive/2022/texmf-dist/tex/generic/pstricks/config/xdvipdfmx.cfg
Using PSTricks configuration for LaTeX+dvipdfmx
)))
File: pstricks.tex 2022/10/23 v3.17 `PSTricks' (tvz,hv)
 (d:/texlive/2022/texmf-dist/tex/generic/pstricks/pst-fp.tex
`pst-fp' v0.06, 2020/11/20 (hv))
File: pst-fp.tex 2020/11/20 v0.06 `PST-fp' (hv)

>>> Loading XeTeX special macros
(d:/texlive/2022/texmf-dist/tex/generic/pstricks/pstricks-xetex.def))
(d:/texlive/2022/texmf-dist/tex/latex/fancyhdr/fancyhdr.sty
Package: fancyhdr 2022/11/09 v4.1 Extensive control of page headers and footers

\f@nch@headwidth=\skip59
\f@nch@O@elh=\skip60
\f@nch@O@erh=\skip61
\f@nch@O@olh=\skip62
\f@nch@O@orh=\skip63
\f@nch@O@elf=\skip64
\f@nch@O@erf=\skip65
\f@nch@O@olf=\skip66
\f@nch@O@orf=\skip67
)
(d:/texlive/2022/texmf-dist/tex/latex/fancybox/fancybox.sty
Package: fancybox 2010/05/15 1.4

Style option: `fancybox' v1.4 <2010/05/15> (tvz)
\@fancybox=\box60
\shadowsize=\dimen271
\@Sbox=\box61
\do@VerbBox=\toks30
\the@fancyput=\toks31
\this@fancyput=\toks32
\EndVerbatimTokens=\toks33
\Verbatim@Outfile=\write3
\Verbatim@Infile=\read2
) (d:/texlive/2022/texmf-dist/tex/latex/graphics/graphicx.sty
Package: graphicx 2021/09/16 v1.2d Enhanced LaTeX Graphics (DPC,SPQR)

(d:/texlive/2022/texmf-dist/tex/latex/graphics/graphics.sty
Package: graphics 2022/03/10 v1.4e Standard LaTeX Graphics (DPC,SPQR)

(d:/texlive/2022/texmf-dist/tex/latex/graphics/trig.sty
Package: trig 2021/08/11 v1.11 sin cos tan (DPC)
)
(d:/texlive/2022/texmf-dist/tex/latex/graphics-cfg/graphics.cfg
File: graphics.cfg 2016/06/04 v1.11 sample graphics configuration
)
Package graphics Info: Driver file: xetex.def on input line 107.
)
\Gin@req@height=\dimen272
\Gin@req@width=\dimen273
)
(d:/texlive/2022/texmf-dist/tex/latex/base/ifthen.sty
Package: ifthen 2022/04/13 v1.1d Standard LaTeX ifthen package (DPC)
)
(d:/texlive/2022/texmf-dist/tex/latex/lastpage/lastpage.sty
Package: lastpage 2021/09/03 v1.2n Refers to last page's name (HMM; JPG)
)
(d:/texlive/2022/texmf-dist/tex/latex/listings/listings.sty
\lst@mode=\count318
\lst@gtempboxa=\box62
\lst@token=\toks34
\lst@length=\count319
\lst@currlwidth=\dimen274
\lst@column=\count320
\lst@pos=\count321
\lst@lostspace=\dimen275
\lst@width=\dimen276
\lst@newlines=\count322
\lst@lineno=\count323
\lst@maxwidth=\dimen277

(d:/texlive/2022/texmf-dist/tex/latex/listings/lstmisc.sty
File: lstmisc.sty 2020/03/24 1.8d (Carsten Heinz)
\c@lstnumber=\count324
\lst@skipnumbers=\count325
\lst@framebox=\box63
)
(d:/texlive/2022/texmf-dist/tex/latex/listings/listings.cfg
File: listings.cfg 2020/03/24 1.8d listings configuration
))
Package: listings 2020/03/24 1.8d (Carsten Heinz)

(d:/texlive/2022/texmf-dist/tex/xelatex/xecjk/xeCJK-listings.sty
Package: xeCJK-listings 2022/08/05 v3.9.1 xeCJK patch file for listings
\l__xeCJK_listings_max_char_int=\count326
\l__xeCJK_listings_flag_int=\count327
)
(d:/texlive/2022/texmf-dist/tex/latex/appendix/appendix.sty
Package: appendix 2020/02/08 v1.2c extra appendix facilities
\c@@pps=\count328
\c@@ppsavesec=\count329
\c@@ppsaveapp=\count330
)
(d:/texlive/2022/texmf-dist/tex/latex/tools/enumerate.sty
Package: enumerate 2015/07/23 v3.00 enumerate extensions (DPC)
\@enLab=\toks35
)
(d:/texlive/2022/texmf-dist/tex/latex/amscls/amsthm.sty
Package: amsthm 2020/05/29 v2.20.6
\thm@style=\toks36
\thm@bodyfont=\toks37
\thm@headfont=\toks38
\thm@notefont=\toks39
\thm@headpunct=\toks40
\thm@preskip=\skip68
\thm@postskip=\skip69
\thm@headsep=\skip70
\dth@everypar=\toks41
)
(d:/texlive/2022/texmf-dist/tex/latex/amsfonts/amsfonts.sty
Package: amsfonts 2013/01/14 v3.01 Basic AMSFonts support
\@emptytoks=\toks42
\symAMSa=\mathgroup4
\symAMSb=\mathgroup5
LaTeX Font Info:    Redeclaring math symbol \hbar on input line 98.
LaTeX Font Info:    Overwriting math alphabet `\mathfrak' in version `bold'
(Font)                  U/euf/m/n --> U/euf/b/n on input line 106.
)
(d:/texlive/2022/texmf-dist/tex/latex/amsmath/amsmath.sty
Package: amsmath 2022/04/08 v2.17n AMS math features
\@mathmargin=\skip71

For additional information on amsmath, use the `?' option.
(d:/texlive/2022/texmf-dist/tex/latex/amsmath/amstext.sty
Package: amstext 2021/08/26 v2.01 AMS text

(d:/texlive/2022/texmf-dist/tex/latex/amsmath/amsgen.sty
File: amsgen.sty 1999/11/30 v2.0 generic functions
\@emptytoks=\toks43
\ex@=\dimen278
))
(d:/texlive/2022/texmf-dist/tex/latex/amsmath/amsbsy.sty
Package: amsbsy 1999/11/29 v1.2d Bold Symbols
\pmbraise@=\dimen279
)
(d:/texlive/2022/texmf-dist/tex/latex/amsmath/amsopn.sty
Package: amsopn 2022/04/08 v2.04 operator names
)
\inf@bad=\count331
LaTeX Info: Redefining \frac on input line 234.
\uproot@=\count332
\leftroot@=\count333
LaTeX Info: Redefining \overline on input line 399.
LaTeX Info: Redefining \colon on input line 410.
\classnum@=\count334
\DOTSCASE@=\count335
LaTeX Info: Redefining \ldots on input line 496.
LaTeX Info: Redefining \dots on input line 499.
LaTeX Info: Redefining \cdots on input line 620.
\Mathstrutbox@=\box64
\strutbox@=\box65
LaTeX Info: Redefining \big on input line 722.
LaTeX Info: Redefining \Big on input line 723.
LaTeX Info: Redefining \bigg on input line 724.
LaTeX Info: Redefining \Bigg on input line 725.
\big@size=\dimen280
LaTeX Font Info:    Redeclaring font encoding OML on input line 743.
LaTeX Font Info:    Redeclaring font encoding OMS on input line 744.
\macc@depth=\count336
LaTeX Info: Redefining \bmod on input line 905.
LaTeX Info: Redefining \pmod on input line 910.
LaTeX Info: Redefining \smash on input line 940.
LaTeX Info: Redefining \relbar on input line 970.
LaTeX Info: Redefining \Relbar on input line 971.
\c@MaxMatrixCols=\count337
\dotsspace@=\muskip17
\c@parentequation=\count338
\dspbrk@lvl=\count339
\tag@help=\toks44
\row@=\count340
\column@=\count341
\maxfields@=\count342
\andhelp@=\toks45
\eqnshift@=\dimen281
\alignsep@=\dimen282
\tagshift@=\dimen283
\tagwidth@=\dimen284
\totwidth@=\dimen285
\lineht@=\dimen286
\@envbody=\toks46
\multlinegap=\skip72
\multlinetaggap=\skip73
\mathdisplay@stack=\toks47
LaTeX Info: Redefining \[ on input line 2953.
LaTeX Info: Redefining \] on input line 2954.
)
(d:/texlive/2022/texmf-dist/tex/latex/tools/bm.sty
Package: bm 2022/01/05 v1.2f Bold Symbol Support (DPC/FMi)
\symboldoperators=\mathgroup6
\symboldletters=\mathgroup7
\symboldsymbols=\mathgroup8
Package bm Info: No bold for \OMX/cmex/m/n, using \pmb.
Package bm Info: No bold for \U/msa/m/n, using \pmb.
Package bm Info: No bold for \U/msb/m/n, using \pmb.
LaTeX Font Info:    Redeclaring math alphabet \mathbf on input line 149.
)
(d:/texlive/2022/texmf-dist/tex/latex/amsfonts/amssymb.sty
Package: amssymb 2013/01/14 v3.01 AMS font symbols
)
(d:/texlive/2022/texmf-dist/tex/latex/jknapltx/mathrsfs.sty
Package: mathrsfs 1996/01/01 Math RSFS package v1.0 (jk)
\symrsfs=\mathgroup9
)
(d:/texlive/2022/texmf-dist/tex/latex/base/latexsym.sty
Package: latexsym 1998/08/17 v2.2e Standard LaTeX package (lasy symbols)
\symlasy=\mathgroup10
LaTeX Font Info:    Overwriting symbol font `lasy' in version `bold'
(Font)                  U/lasy/m/n --> U/lasy/b/n on input line 52.
)
(d:/texlive/2022/texmf-dist/tex/latex/braket/braket.sty)
(d:/texlive/2022/texmf-dist/tex/latex/cases/cases.sty
Package: cases 2020/03/29 ver 3.2
\numc@numwid=\dimen287
)
(d:/texlive/2022/texmf-dist/tex/latex/tools/verbatim.sty
Package: verbatim 2020-07-07 v1.5u LaTeX2e package for verbatim enhancements
\every@verbatim=\toks48
\verbatim@line=\toks49
\verbatim@in@stream=\read3
)
(d:/texlive/2022/texmf-dist/tex/latex/tools/multicol.sty
Package: multicol 2021/11/30 v1.9d multicolumn formatting (FMi)
\c@tracingmulticols=\count343
\mult@box=\box66
\multicol@leftmargin=\dimen288
\c@unbalance=\count344
\c@collectmore=\count345
\doublecol@number=\count346
\multicoltolerance=\count347
\multicolpretolerance=\count348
\full@width=\dimen289
\page@free=\dimen290
\premulticols=\dimen291
\postmulticols=\dimen292
\multicolsep=\skip74
\multicolbaselineskip=\skip75
\partial@page=\box67
\last@line=\box68
\maxbalancingoverflow=\dimen293
\mult@rightbox=\box69
\mult@grightbox=\box70
\mult@firstbox=\box71
\mult@gfirstbox=\box72
\@tempa=\box73
\@tempa=\box74
\@tempa=\box75
\@tempa=\box76
\@tempa=\box77
\@tempa=\box78
\@tempa=\box79
\@tempa=\box80
\@tempa=\box81
\@tempa=\box82
\@tempa=\box83
\@tempa=\box84
\@tempa=\box85
\@tempa=\box86
\@tempa=\box87
\@tempa=\box88
\@tempa=\box89
\@tempa=\box90
\@tempa=\box91
\@tempa=\box92
\@tempa=\box93
\@tempa=\box94
\@tempa=\box95
\@tempa=\box96
\@tempa=\box97
\@tempa=\box98
\@tempa=\box99
\@tempa=\box100
\@tempa=\box101
\@tempa=\box102
\@tempa=\box103
\@tempa=\box104
\@tempa=\box105
\@tempa=\box106
\@tempa=\box107
\@tempa=\box108
\c@minrows=\count349
\c@columnbadness=\count350
\c@finalcolumnbadness=\count351
\last@try=\dimen294
\multicolovershoot=\dimen295
\multicolundershoot=\dimen296
\mult@nat@firstbox=\box109
\colbreak@box=\box110
\mc@col@check@num=\count352
)
(d:/texlive/2022/texmf-dist/tex/latex/parallel/parallel.sty
Package: parallel 2003/04/13, setting two texts parallel (me)

`parallel': setting two texts parallel, (beta 4) 2003/04/13.
\ParallelLWidth=\dimen297
\ParallelRWidth=\dimen298
\ParallelTextWidth=\dimen299
\ParallelLeftMargin=\dimen300
\ParallelUserMidSkip=\dimen301
\ParallelMainMidSkip=\dimen302
\ParallelLBox=\box111
\ParallelRBox=\box112
\ParallelBoxVar=\box113
\ParallelLTok=\box114
\ParallelRTok=\box115
\ParallelBoolVar=\count353
\ParallelBoolMid=\count354
\ParallelWhichBox=\count355
\ParallelMainMode=\count356
\ParallelFNMode=\count357
\ParallelLFNCounter=\count358
\ParallelRFNCounter=\count359
\ParallelMaxFN=\count360
\ParallelFNNumMode=\count361
)
(d:/texlive/2022/texmf-dist/tex/latex/tabu/tabu.sty
Package: tabu 2019/01/11 v2.9 - flexible LaTeX tabulars (FC+tabu-fixed)

(d:/texlive/2022/texmf-dist/tex/latex/tools/array.sty
Package: array 2022/03/10 v2.5f Tabular extension package (FMi)
\col@sep=\dimen303
\ar@mcellbox=\box116
\extrarowheight=\dimen304
\NC@list=\toks50
\extratabsurround=\skip76
\backup@length=\skip77
\ar@cellbox=\box117
)
(d:/texlive/2022/texmf-dist/tex/latex/varwidth/varwidth.sty
Package: varwidth 2009/03/30 ver 0.92;  Variable-width minipages
\@vwid@box=\box118
\sift@deathcycles=\count362
\@vwid@loff=\dimen305
\@vwid@roff=\dimen306
)
\c@taburow=\count363
\tabu@nbcols=\count364
\tabu@cnt=\count365
\tabu@Xcol=\count366
\tabu@alloc=\count367
\tabu@nested=\count368
\tabu@target=\dimen307
\tabu@spreadtarget=\dimen308
\tabu@naturalX=\dimen309
\tabucolX=\dimen310
\tabu@Xsum=\dimen311
\extrarowdepth=\dimen312
\abovetabulinesep=\dimen313
\belowtabulinesep=\dimen314
\tabustrutrule=\dimen315
\tabu@thebody=\toks51
\tabu@footnotes=\toks52
\tabu@box=\box119
\tabu@arstrutbox=\box120
\tabu@hleads=\box121
\tabu@vleads=\box122
\tabu@cellskip=\skip78
)
(d:/texlive/2022/texmf-dist/tex/latex/caption/caption3.sty
Package: caption3 2022/03/17 v2.3b caption3 kernel (AR)
\caption@tempdima=\dimen316
\captionmargin=\dimen317
\caption@leftmargin=\dimen318
\caption@rightmargin=\dimen319
\caption@width=\dimen320
\caption@indent=\dimen321
\caption@parindent=\dimen322
\caption@hangindent=\dimen323
Package caption Info: Standard document class detected.
)
(d:/texlive/2022/texmf-dist/tex/latex/subfigure/subfigure.sty
Package: subfigure 2002/03/15 v2.1.5 subfigure package
\subfigtopskip=\skip79
\subfigcapskip=\skip80
\subfigcaptopadj=\dimen324
\subfigbottomskip=\skip81
\subfigcapmargin=\dimen325
\subfiglabelskip=\skip82
\c@subfigure=\count369
\c@lofdepth=\count370
\c@subtable=\count371
\c@lotdepth=\count372

****************************************
* Local config file subfigure.cfg used *
****************************************
(d:/texlive/2022/texmf-dist/tex/latex/subfigure/subfigure.cfg)
\subfig@top=\skip83
\subfig@bottom=\skip84
)
(d:/texlive/2022/texmf-dist/tex/latex/wrapfig/wrapfig.sty
\wrapoverhang=\dimen326
\WF@size=\dimen327
\c@WF@wrappedlines=\count373
\WF@box=\box123
\WF@everypar=\toks53
Package: wrapfig 2003/01/31  v 3.6
)
(d:/texlive/2022/texmf-dist/tex/latex/tools/longtable.sty
Package: longtable 2021-09-01 v4.17 Multi-page Table package (DPC)
\LTleft=\skip85
\LTright=\skip86
\LTpre=\skip87
\LTpost=\skip88
\LTchunksize=\count374
\LTcapwidth=\dimen328
\LT@head=\box124
\LT@firsthead=\box125
\LT@foot=\box126
\LT@lastfoot=\box127
\LT@gbox=\box128
\LT@cols=\count375
\LT@rows=\count376
\c@LT@tables=\count377
\c@LT@chunks=\count378
\LT@p@ftn=\toks54
)
(d:/texlive/2022/texmf-dist/tex/latex/multirow/multirow.sty
Package: multirow 2021/03/15 v2.8 Span multiple rows of a table
\multirow@colwidth=\skip89
\multirow@cntb=\count379
\multirow@dima=\skip90
\bigstrutjot=\dimen329
)
(d:/texlive/2022/texmf-dist/tex/latex/tools/hhline.sty
Package: hhline 2020/01/04 v2.04 Table rule package (DPC)
)
(d:/texlive/2022/texmf-dist/tex/latex/tools/tabularx.sty
Package: tabularx 2020/01/15 v2.11c `tabularx' package (DPC)
\TX@col@width=\dimen330
\TX@old@table=\dimen331
\TX@old@col=\dimen332
\TX@target=\dimen333
\TX@delta=\dimen334
\TX@cols=\count380
\TX@ftn=\toks55
)
(d:/texlive/2022/texmf-dist/tex/latex/slashbox/slashbox.sty
slashbox style by K.Yasuoka, May 1993.
\@slashboxa=\box129
\@slashboxb=\box130
\@slashboxc=\box131
\@slashboxwd=\count381
\@slashboxht=\count382
\@slashsepl=\dimen335
\@slashsepr=\dimen336
) (d:/texlive/2022/texmf-dist/tex/latex/base/flafter.sty
Package: flafter 2021/07/31 v1.4e Standard LaTeX floats after reference (FMi)
Applying: [2015/01/01] float order in 2-column on input line 49.
Already applied: [0000/00/00] float order in 2-column on input line 151.
)
(d:/texlive/2022/texmf-dist/tex/latex/psnfss/pifont.sty
Package: pifont 2020/03/25 PSNFSS-v9.3 Pi font support (SPQR) 
LaTeX Font Info:    Trying to load font information for U+pzd on input line 63.


(d:/texlive/2022/texmf-dist/tex/latex/psnfss/upzd.fd
File: upzd.fd 2001/06/04 font definitions for U/pzd.
)
LaTeX Font Info:    Trying to load font information for U+psy on input line 64.


(d:/texlive/2022/texmf-dist/tex/latex/psnfss/upsy.fd
File: upsy.fd 2001/06/04 font definitions for U/psy.
))
(d:/texlive/2022/texmf-dist/tex/latex/tools/calc.sty
Package: calc 2017/05/25 v4.3 Infix arithmetic (KKT,FJ)
\calc@Acount=\count383
\calc@Bcount=\count384
\calc@Adimen=\dimen337
\calc@Bdimen=\dimen338
\calc@Askip=\skip91
\calc@Bskip=\skip92
LaTeX Info: Redefining \setlength on input line 80.
LaTeX Info: Redefining \addtolength on input line 81.
\calc@Ccount=\count385
\calc@Cskip=\skip93
)
(d:/texlive/2022/texmf-dist/tex/latex/colortbl/colortbl.sty
Package: colortbl 2022/06/20 v1.0f Color table columns (DPC)
\everycr=\toks56
\minrowclearance=\skip94
\rownum=\count386
)
(d:/texlive/2022/texmf-dist/tex/latex/booktabs/booktabs.sty
Package: booktabs 2020/01/12 v1.61803398 Publication quality tables
\heavyrulewidth=\dimen339
\lightrulewidth=\dimen340
\cmidrulewidth=\dimen341
\belowrulesep=\dimen342
\belowbottomsep=\dimen343
\aboverulesep=\dimen344
\abovetopsep=\dimen345
\cmidrulesep=\dimen346
\cmidrulekern=\dimen347
\defaultaddspace=\dimen348
\@cmidla=\count387
\@cmidlb=\count388
\@aboverulesep=\dimen349
\@belowrulesep=\dimen350
\@thisruleclass=\count389
\@lastruleclass=\count390
\@thisrulewidth=\dimen351
)
(d:/texlive/2022/texmf-dist/tex/latex/cite/cite.sty
LaTeX Info: Redefining \cite on input line 302.
LaTeX Info: Redefining \nocite on input line 332.
Package: cite 2015/02/27  v 5.5
)
(d:/texlive/2022/texmf-dist/tex/latex/epstopdf-pkg/epstopdf.sty
Package: epstopdf 2020-01-24 v2.11 Conversion with epstopdf on the fly (HO)

(d:/texlive/2022/texmf-dist/tex/generic/infwarerr/infwarerr.sty
Package: infwarerr 2019/12/03 v1.5 Providing info/warning/error messages (HO)
)
(d:/texlive/2022/texmf-dist/tex/latex/grfext/grfext.sty
Package: grfext 2019/12/03 v1.3 Manage graphics extensions (HO)

(d:/texlive/2022/texmf-dist/tex/generic/kvdefinekeys/kvdefinekeys.sty
Package: kvdefinekeys 2019-12-19 v1.6 Define keys (HO)
))
(d:/texlive/2022/texmf-dist/tex/latex/kvoptions/kvoptions.sty
Package: kvoptions 2022-06-15 v3.15 Key value format for package options (HO)

(d:/texlive/2022/texmf-dist/tex/generic/ltxcmds/ltxcmds.sty
Package: ltxcmds 2020-05-10 v1.25 LaTeX kernel commands for general use (HO)
)
(d:/texlive/2022/texmf-dist/tex/latex/kvsetkeys/kvsetkeys.sty
Package: kvsetkeys 2022-10-05 v1.19 Key value parser (HO)
))
(d:/texlive/2022/texmf-dist/tex/generic/pdftexcmds/pdftexcmds.sty
Package: pdftexcmds 2020-06-27 v0.33 Utility functions of pdfTeX for LuaTeX (HO
)
Package pdftexcmds Info: \pdf@primitive is available.
Package pdftexcmds Info: \pdf@ifprimitive is available.
Package pdftexcmds Info: \pdfdraftmode not found.
)
(d:/texlive/2022/texmf-dist/tex/latex/epstopdf-pkg/epstopdf-base.sty
Package: epstopdf-base 2020-01-24 v2.11 Base part for package epstopdf


Package epstopdf Warning: Drivers other than `pdftex' and `luatex' are not supp
orted.

)) (d:/texlive/2022/texmf-dist/tex/generic/epsf/epsf.sty
This is `epsf.tex' v2.7.4 <14 February 2011>
\epsffilein=\read4
\epsfframemargin=\dimen352
\epsfframethickness=\dimen353
\epsfrsize=\dimen354
\epsftmp=\dimen355
\epsftsize=\dimen356
\epsfxsize=\dimen357
\epsfysize=\dimen358
\pspoints=\dimen359
) (d:/texlive/2022/texmf-dist/tex/latex/base/makeidx.sty
Package: makeidx 2021/10/04 v1.0m Standard LaTeX package
)
(d:/texlive/2022/texmf-dist/tex/latex/geometry/geometry.sty
Package: geometry 2020/01/02 v5.9 Page Geometry

(d:/texlive/2022/texmf-dist/tex/generic/iftex/ifvtex.sty
Package: ifvtex 2019/10/25 v1.7 ifvtex legacy package. Use iftex instead.
)
\Gm@cnth=\count391
\Gm@cntv=\count392
\c@Gm@tempcnt=\count393
\Gm@bindingoffset=\dimen360
\Gm@wd@mp=\dimen361
\Gm@odd@mp=\dimen362
\Gm@even@mp=\dimen363
\Gm@layoutwidth=\dimen364
\Gm@layoutheight=\dimen365
\Gm@layouthoffset=\dimen366
\Gm@layoutvoffset=\dimen367
\Gm@dimlist=\toks57
)
(d:/texlive/2022/texmf-dist/tex/generic/iftex/ifpdf.sty
Package: ifpdf 2019/10/25 v3.4 ifpdf legacy package. Use iftex instead.
)
(d:/texlive/2022/texmf-dist/tex/latex/hyperref/hyperref.sty
Package: hyperref 2022-11-13 v7.00u Hypertext links for LaTeX

(d:/texlive/2022/texmf-dist/tex/generic/pdfescape/pdfescape.sty
Package: pdfescape 2019/12/09 v1.15 Implements pdfTeX's escape features (HO)
)
(d:/texlive/2022/texmf-dist/tex/latex/hycolor/hycolor.sty
Package: hycolor 2020-01-27 v1.10 Color options for hyperref/bookmark (HO)
)
(d:/texlive/2022/texmf-dist/tex/latex/letltxmacro/letltxmacro.sty
Package: letltxmacro 2019/12/03 v1.6 Let assignment for LaTeX macros (HO)
)
(d:/texlive/2022/texmf-dist/tex/latex/auxhook/auxhook.sty
Package: auxhook 2019-12-17 v1.6 Hooks for auxiliary files (HO)
)
(d:/texlive/2022/texmf-dist/tex/latex/hyperref/nameref.sty
Package: nameref 2022-05-17 v2.50 Cross-referencing by name of section

(d:/texlive/2022/texmf-dist/tex/latex/refcount/refcount.sty
Package: refcount 2019/12/15 v3.6 Data extraction from label references (HO)
)
(d:/texlive/2022/texmf-dist/tex/generic/gettitlestring/gettitlestring.sty
Package: gettitlestring 2019/12/15 v1.6 Cleanup title references (HO)
)
\c@section@level=\count394
)
\@linkdim=\dimen368
\Hy@linkcounter=\count395
\Hy@pagecounter=\count396

(d:/texlive/2022/texmf-dist/tex/latex/hyperref/pd1enc.def
File: pd1enc.def 2022-11-13 v7.00u Hyperref: PDFDocEncoding definition (HO)
)
(d:/texlive/2022/texmf-dist/tex/generic/intcalc/intcalc.sty
Package: intcalc 2019/12/15 v1.3 Expandable calculations with integers (HO)
)
(d:/texlive/2022/texmf-dist/tex/generic/etexcmds/etexcmds.sty
Package: etexcmds 2019/12/15 v1.7 Avoid name clashes with e-TeX commands (HO)
)
\Hy@SavedSpaceFactor=\count397

(d:/texlive/2022/texmf-dist/tex/latex/hyperref/puenc.def
File: puenc.def 2022-11-13 v7.00u Hyperref: PDF Unicode definition (HO)
)
Package hyperref Info: Option `unicode' set `true' on input line 4045.
Package hyperref Info: Option `CJKbookmarks' set `true' on input line 4045.
Package hyperref Info: Option `pdfdisplaydoctitle' set `true' on input line 404
5.
Package hyperref Info: Option `bookmarksnumbered' set `true' on input line 4045
.
Package hyperref Info: Option `bookmarksopen' set `true' on input line 4045.
Package hyperref Info: Option `colorlinks' set `true' on input line 4045.
Package hyperref Info: Hyper figures OFF on input line 4162.
Package hyperref Info: Link nesting OFF on input line 4167.
Package hyperref Info: Hyper index ON on input line 4170.
Package hyperref Info: Plain pages OFF on input line 4177.
Package hyperref Info: Backreferencing OFF on input line 4182.
Package hyperref Info: Implicit mode ON; LaTeX internals redefined.
Package hyperref Info: Bookmarks ON on input line 4410.
\c@Hy@tempcnt=\count398

(d:/texlive/2022/texmf-dist/tex/latex/url/url.sty
\Urlmuskip=\muskip18
Package: url 2013/09/16  ver 3.4  Verb mode for urls, etc.
)
LaTeX Info: Redefining \url on input line 4748.
\XeTeXLinkMargin=\dimen369

(d:/texlive/2022/texmf-dist/tex/generic/bitset/bitset.sty
Package: bitset 2019/12/09 v1.3 Handle bit-vector datatype (HO)

(d:/texlive/2022/texmf-dist/tex/generic/bigintcalc/bigintcalc.sty
Package: bigintcalc 2019/12/15 v1.5 Expandable calculations on big integers (HO
)
))
\Fld@menulength=\count399
\Field@Width=\dimen370
\Fld@charsize=\dimen371
Package hyperref Info: Hyper figures OFF on input line 6027.
Package hyperref Info: Link nesting OFF on input line 6032.
Package hyperref Info: Hyper index ON on input line 6035.
Package hyperref Info: backreferencing OFF on input line 6042.
Package hyperref Info: Link coloring ON on input line 6045.
Package hyperref Info: Link coloring with OCG OFF on input line 6052.
Package hyperref Info: PDF/A mode OFF on input line 6057.

(d:/texlive/2022/texmf-dist/tex/latex/base/atbegshi-ltx.sty
Package: atbegshi-ltx 2021/01/10 v1.0c Emulation of the original atbegshi
package with kernel methods
)
\Hy@abspage=\count400
\c@Item=\count401
\c@Hfootnote=\count402
)
Package hyperref Info: Driver (autodetected): hxetex.

(d:/texlive/2022/texmf-dist/tex/latex/hyperref/hxetex.def
File: hxetex.def 2022-11-13 v7.00u Hyperref driver for XeTeX

(d:/texlive/2022/texmf-dist/tex/generic/stringenc/stringenc.sty
Package: stringenc 2019/11/29 v1.12 Convert strings between diff. encodings (HO
)
)
\pdfm@box=\box132
\c@Hy@AnnotLevel=\count403
\HyField@AnnotCount=\count404
\Fld@listcount=\count405
\c@bookmark@seq@number=\count406

(d:/texlive/2022/texmf-dist/tex/latex/rerunfilecheck/rerunfilecheck.sty
Package: rerunfilecheck 2022-07-10 v1.10 Rerun checks for auxiliary files (HO)

(d:/texlive/2022/texmf-dist/tex/latex/base/atveryend-ltx.sty
Package: atveryend-ltx 2020/08/19 v1.0a Emulation of the original atveryend pac
kage
with kernel methods
)
(d:/texlive/2022/texmf-dist/tex/generic/uniquecounter/uniquecounter.sty
Package: uniquecounter 2019/12/15 v1.4 Provide unlimited unique counter (HO)
)
Package uniquecounter Info: New unique counter `rerunfilecheck' on input line 2
85.
)
\Hy@SectionHShift=\skip95
)
(d:/texlive/2022/texmf-dist/tex/latex/algorithms/algorithm.sty
Invalid UTF-8 byte or sequence at line 11 replaced by U+FFFD.
Package: algorithm 2009/08/24 v0.1 Document Style `algorithm' - floating enviro
nment

(d:/texlive/2022/texmf-dist/tex/latex/float/float.sty
Package: float 2001/11/08 v1.3d Float enhancements (AL)
\c@float@type=\count407
\float@exts=\toks58
\float@box=\box133
\@float@everytoks=\toks59
\@floatcapt=\box134
)
\@float@every@algorithm=\toks60
\c@algorithm=\count408
)
(d:/texlive/2022/texmf-dist/tex/latex/algorithms/algorithmic.sty
Invalid UTF-8 byte or sequence at line 11 replaced by U+FFFD.
Package: algorithmic 2009/08/24 v0.1 Document Style `algorithmic'
\c@ALC@unique=\count409
\c@ALC@line=\count410
\c@ALC@rem=\count411
\c@ALC@depth=\count412
\ALC@tlm=\skip96
\algorithmicindent=\skip97
)

Class ctexart Warning: Option `captiondelimiter' is deprecated.
(ctexart)              You can load the package `caption' to get its
(ctexart)              functionality.

\c@hours=\count413
\c@minutes=\count414
\c@theorem=\count415
\c@lemma=\count416
\c@question=\count417
\c@ques=\count418
\c@exercise=\count419
\c@definition=\count420
\c@proposition=\count421
\c@property=\count422
\c@example=\count423
\c@interview=\count424
(d:/texlive/2022/texmf-dist/tex/latex/listings/lstlang1.sty
File: lstlang1.sty 2020/03/24 1.8d listings language file
)
(d:/texlive/2022/texmf-dist/tex/latex/listings/lstlang2.sty
File: lstlang2.sty 2020/03/24 1.8d listings language file
)
(d:/texlive/2022/texmf-dist/tex/latex/listings/lstlang3.sty
File: lstlang3.sty 2020/03/24 1.8d listings language file
)
(d:/texlive/2022/texmf-dist/tex/latex/listings/lstmisc.sty
File: lstmisc.sty 2020/03/24 1.8d (Carsten Heinz)
))
(d:/texlive/2022/texmf-dist/tex/latex/makecell/makecell.sty
Package: makecell 2009/08/03 V0.1e Managing of Tab Column Heads and Cells
\rotheadsize=\dimen372
\c@nlinenum=\count425
\TeXr@lab=\toks61
)
(d:/texlive/2022/texmf-dist/tex/latex/cleveref/cleveref.sty
Package: cleveref 2018/03/27 v0.21.4 Intelligent cross-referencing
Package cleveref Info: `hyperref' support loaded on input line 2370.
LaTeX Info: Redefining \cref on input line 2370.
LaTeX Info: Redefining \Cref on input line 2370.
LaTeX Info: Redefining \crefrange on input line 2370.
LaTeX Info: Redefining \Crefrange on input line 2370.
LaTeX Info: Redefining \cpageref on input line 2370.
LaTeX Info: Redefining \Cpageref on input line 2370.
LaTeX Info: Redefining \cpagerefrange on input line 2370.
LaTeX Info: Redefining \Cpagerefrange on input line 2370.
LaTeX Info: Redefining \labelcref on input line 2370.
LaTeX Info: Redefining \labelcpageref on input line 2370.
Package cleveref Info: `amsthm' support loaded on input line 3026.
Package cleveref Info: `listings' support loaded on input line 3131.
)
(d:/texlive/2022/texmf-dist/tex/latex/caption/caption.sty
Package: caption 2022/03/01 v3.6b Customizing captions (AR)
\c@caption@flags=\count426
\c@continuedfloat=\count427
Package caption Info: float package is loaded.
Package caption Info: hyperref package is loaded.
Package caption Info: listings package is loaded.
Package caption Info: longtable package is loaded.

(d:/texlive/2022/texmf-dist/tex/latex/caption/ltcaption.sty
Package: ltcaption 2021/01/08 v1.4c longtable captions (AR)
)
Package caption Info: subfigure package is loaded.
Package caption Info: wrapfig package is loaded.
)
(d:/texlive/2022/texmf-dist/tex/latex/caption/bicaption.sty
Package: bicaption 2021/05/02 v1.5b Bilingual Captions (AR)
\bicaption@lang=\count428
Package caption Info: listings package is loaded.
)
(d:/texlive/2022/texmf-dist/tex/latex/threeparttable/threeparttable.sty
Package: threeparttable 2003/06/13  v 3.0
\@tempboxb=\box135
)
(d:/texlive/2022/texmf-dist/tex/latex/tasks/tasks.sty
Package: tasks 2022/01/08 v1.4a lists with columns filled horizontally
\g__tasks_total_items_int=\count429
\l__tasks_columns_int=\count430
\g__tasks_rows_int=\count431
\g__tasks_current_col_num_int=\count432
\g__tasks_current_row_num_int=\count433
\l__tasks_item_columns_int=\count434
\g__tasks_env_int=\count435
\l__tasks_start_int=\count436
\l__tasks_item_indent_dim=\dimen373
\l__tasks_item_default_indent_dim=\dimen374
\l__tasks_item_width_dim=\dimen375
\l__tasks_label_width_dim=\dimen376
\l__tasks_label_default_width_dim=\dimen377
\l__tasks_label_offset_dim=\dimen378
\l__tasks_label_default_offset_dim=\dimen379
\l__tasks_column_sep_dim=\dimen380
\l__tasks_correction_dim=\dimen381
\l__tasks_full_width_dim=\dimen382
\l__tasks_after_item_skip=\skip98
\l__tasks_custom_after_item_skip=\skip99
\l__tasks_before_list_skip=\skip100
\l__tasks_after_list_skip=\skip101
\l__tasks_item_coffin=\box136
\l__tasks_label_coffin=\box137
\c@task=\count437
\l__tasks_tmpa_int=\count438
\l__tasks_tmpb_int=\count439
\l__tasks_tmpa_coffin=\box138
\l__tasks_tmpa_box=\box139

Package xtemplate Info: Declaring object type 'tasks' taking 3 argument(s) on
(xtemplate)             line 450.


(d:/texlive/2022/texmf-dist/tex/latex/tasks/tasks.cfg))
(d:/texlive/2022/texmf-dist/tex/latex/diagbox/diagbox.sty
Package: diagbox 2020/02/09 v2.3 Making table heads with diagonal lines

(d:/texlive/2022/texmf-dist/tex/latex/pict2e/pict2e.sty
Package: pict2e 2020/09/30 v0.4b Improved picture commands (HjG,RN,JT)

(d:/texlive/2022/texmf-dist/tex/latex/pict2e/pict2e.cfg
File: pict2e.cfg 2016/02/05 v0.1u pict2e configuration for teTeX/TeXLive
)
Package pict2e Info: Driver file: xetex.def on input line 112.
Package pict2e Info: Driver file for pict2e: p2e-xetex.def on input line 114.

(d:/texlive/2022/texmf-dist/tex/latex/pict2e/p2e-xetex.def
File: p2e-xetex.def 2016/02/05 v0.1u Driver-dependant file (RN,HjG,JT)
)
\pIIe@GRAPH=\toks62
\@arclen=\dimen383
\@arcrad=\dimen384
\pIIe@tempdima=\dimen385
\pIIe@tempdimb=\dimen386
\pIIe@tempdimc=\dimen387
\pIIe@tempdimd=\dimen388
\pIIe@tempdime=\dimen389
\pIIe@tempdimf=\dimen390
)
\diagbox@boxa=\box140
\diagbox@boxb=\box141
\diagbox@boxm=\box142
\diagbox@wd=\dimen391
\diagbox@ht=\dimen392
\diagbox@insepl=\dimen393
\diagbox@insepr=\dimen394
\diagbox@outsepl=\dimen395
\diagbox@outsepr=\dimen396
)
(d:/texlive/2022/texmf-dist/tex/latex/background/background.sty
Package: background 2014/03/04 v2.1 background material

(d:/texlive/2022/texmf-dist/tex/latex/pgf/frontendlayer/tikz.sty
(d:/texlive/2022/texmf-dist/tex/latex/pgf/basiclayer/pgf.sty
Package: pgf 2021/05/15 v3.1.9a (3.1.9a)

(d:/texlive/2022/texmf-dist/tex/latex/pgf/basiclayer/pgfcore.sty
(d:/texlive/2022/texmf-dist/tex/latex/pgf/systemlayer/pgfsys.sty
(d:/texlive/2022/texmf-dist/tex/generic/pgf/systemlayer/pgfsys.code.tex
Package: pgfsys 2021/05/15 v3.1.9a (3.1.9a)

(d:/texlive/2022/texmf-dist/tex/generic/pgf/utilities/pgfkeys.code.tex)
\pgf@x=\dimen397
\pgf@y=\dimen398
\pgf@xa=\dimen399
\pgf@ya=\dimen400
\pgf@xb=\dimen401
\pgf@yb=\dimen402
\pgf@xc=\dimen403
\pgf@yc=\dimen404
\pgf@xd=\dimen405
\pgf@yd=\dimen406
\w@pgf@writea=\write4
\r@pgf@reada=\read5
\c@pgf@counta=\count440
\c@pgf@countb=\count441
\c@pgf@countc=\count442
\c@pgf@countd=\count443
\t@pgf@toka=\toks63
\t@pgf@tokb=\toks64
\t@pgf@tokc=\toks65
\pgf@sys@id@count=\count444

(d:/texlive/2022/texmf-dist/tex/generic/pgf/systemlayer/pgf.cfg
File: pgf.cfg 2021/05/15 v3.1.9a (3.1.9a)
)
Driver file for pgf: pgfsys-xetex.def

(d:/texlive/2022/texmf-dist/tex/generic/pgf/systemlayer/pgfsys-xetex.def
File: pgfsys-xetex.def 2021/05/15 v3.1.9a (3.1.9a)

(d:/texlive/2022/texmf-dist/tex/generic/pgf/systemlayer/pgfsys-dvipdfmx.def
File: pgfsys-dvipdfmx.def 2021/05/15 v3.1.9a (3.1.9a)

(d:/texlive/2022/texmf-dist/tex/generic/pgf/systemlayer/pgfsys-common-pdf.def
File: pgfsys-common-pdf.def 2021/05/15 v3.1.9a (3.1.9a)
)
\pgfsys@objnum=\count445
)))
(d:/texlive/2022/texmf-dist/tex/generic/pgf/systemlayer/pgfsyssoftpath.code.tex
File: pgfsyssoftpath.code.tex 2021/05/15 v3.1.9a (3.1.9a)
\pgfsyssoftpath@smallbuffer@items=\count446
\pgfsyssoftpath@bigbuffer@items=\count447
)
(d:/texlive/2022/texmf-dist/tex/generic/pgf/systemlayer/pgfsysprotocol.code.tex
File: pgfsysprotocol.code.tex 2021/05/15 v3.1.9a (3.1.9a)
)) (d:/texlive/2022/texmf-dist/tex/generic/pgf/basiclayer/pgfcore.code.tex
Package: pgfcore 2021/05/15 v3.1.9a (3.1.9a)

(d:/texlive/2022/texmf-dist/tex/generic/pgf/math/pgfmath.code.tex)
(d:/texlive/2022/texmf-dist/tex/generic/pgf/math/pgfint.code.tex)
(d:/texlive/2022/texmf-dist/tex/generic/pgf/basiclayer/pgfcorepoints.code.tex
File: pgfcorepoints.code.tex 2021/05/15 v3.1.9a (3.1.9a)
\pgf@picminx=\dimen407
\pgf@picmaxx=\dimen408
\pgf@picminy=\dimen409
\pgf@picmaxy=\dimen410
\pgf@pathminx=\dimen411
\pgf@pathmaxx=\dimen412
\pgf@pathminy=\dimen413
\pgf@pathmaxy=\dimen414
\pgf@xx=\dimen415
\pgf@xy=\dimen416
\pgf@yx=\dimen417
\pgf@yy=\dimen418
\pgf@zx=\dimen419
\pgf@zy=\dimen420
)
(d:/texlive/2022/texmf-dist/tex/generic/pgf/basiclayer/pgfcorepathconstruct.cod
e.tex
File: pgfcorepathconstruct.code.tex 2021/05/15 v3.1.9a (3.1.9a)
\pgf@path@lastx=\dimen421
\pgf@path@lasty=\dimen422
)
(d:/texlive/2022/texmf-dist/tex/generic/pgf/basiclayer/pgfcorepathusage.code.te
x
File: pgfcorepathusage.code.tex 2021/05/15 v3.1.9a (3.1.9a)
\pgf@shorten@end@additional=\dimen423
\pgf@shorten@start@additional=\dimen424
)
(d:/texlive/2022/texmf-dist/tex/generic/pgf/basiclayer/pgfcorescopes.code.tex
File: pgfcorescopes.code.tex 2021/05/15 v3.1.9a (3.1.9a)
\pgfpic=\box143
\pgf@hbox=\box144
\pgf@layerbox@main=\box145
\pgf@picture@serial@count=\count448
)
(d:/texlive/2022/texmf-dist/tex/generic/pgf/basiclayer/pgfcoregraphicstate.code
.tex
File: pgfcoregraphicstate.code.tex 2021/05/15 v3.1.9a (3.1.9a)
\pgflinewidth=\dimen425
)
(d:/texlive/2022/texmf-dist/tex/generic/pgf/basiclayer/pgfcoretransformations.c
ode.tex
File: pgfcoretransformations.code.tex 2021/05/15 v3.1.9a (3.1.9a)
\pgf@pt@x=\dimen426
\pgf@pt@y=\dimen427
\pgf@pt@temp=\dimen428
)
(d:/texlive/2022/texmf-dist/tex/generic/pgf/basiclayer/pgfcorequick.code.tex
File: pgfcorequick.code.tex 2021/05/15 v3.1.9a (3.1.9a)
)
(d:/texlive/2022/texmf-dist/tex/generic/pgf/basiclayer/pgfcoreobjects.code.tex
File: pgfcoreobjects.code.tex 2021/05/15 v3.1.9a (3.1.9a)
)
(d:/texlive/2022/texmf-dist/tex/generic/pgf/basiclayer/pgfcorepathprocessing.co
de.tex
File: pgfcorepathprocessing.code.tex 2021/05/15 v3.1.9a (3.1.9a)
)
(d:/texlive/2022/texmf-dist/tex/generic/pgf/basiclayer/pgfcorearrows.code.tex
File: pgfcorearrows.code.tex 2021/05/15 v3.1.9a (3.1.9a)
\pgfarrowsep=\dimen429
)
(d:/texlive/2022/texmf-dist/tex/generic/pgf/basiclayer/pgfcoreshade.code.tex
File: pgfcoreshade.code.tex 2021/05/15 v3.1.9a (3.1.9a)
\pgf@max=\dimen430
\pgf@sys@shading@range@num=\count449
\pgf@shadingcount=\count450
)
(d:/texlive/2022/texmf-dist/tex/generic/pgf/basiclayer/pgfcoreimage.code.tex
File: pgfcoreimage.code.tex 2021/05/15 v3.1.9a (3.1.9a)

(d:/texlive/2022/texmf-dist/tex/generic/pgf/basiclayer/pgfcoreexternal.code.tex
File: pgfcoreexternal.code.tex 2021/05/15 v3.1.9a (3.1.9a)
\pgfexternal@startupbox=\box146
))
(d:/texlive/2022/texmf-dist/tex/generic/pgf/basiclayer/pgfcorelayers.code.tex
File: pgfcorelayers.code.tex 2021/05/15 v3.1.9a (3.1.9a)
)
(d:/texlive/2022/texmf-dist/tex/generic/pgf/basiclayer/pgfcoretransparency.code
.tex
File: pgfcoretransparency.code.tex 2021/05/15 v3.1.9a (3.1.9a)
)
(d:/texlive/2022/texmf-dist/tex/generic/pgf/basiclayer/pgfcorepatterns.code.tex
File: pgfcorepatterns.code.tex 2021/05/15 v3.1.9a (3.1.9a)
) (d:/texlive/2022/texmf-dist/tex/generic/pgf/basiclayer/pgfcorerdf.code.tex
File: pgfcorerdf.code.tex 2021/05/15 v3.1.9a (3.1.9a)
))) (d:/texlive/2022/texmf-dist/tex/generic/pgf/modules/pgfmoduleshapes.code.te
x
File: pgfmoduleshapes.code.tex 2021/05/15 v3.1.9a (3.1.9a)
\pgfnodeparttextbox=\box147
)
(d:/texlive/2022/texmf-dist/tex/generic/pgf/modules/pgfmoduleplot.code.tex
File: pgfmoduleplot.code.tex 2021/05/15 v3.1.9a (3.1.9a)
)
(d:/texlive/2022/texmf-dist/tex/latex/pgf/compatibility/pgfcomp-version-0-65.st
y
Package: pgfcomp-version-0-65 2021/05/15 v3.1.9a (3.1.9a)
\pgf@nodesepstart=\dimen431
\pgf@nodesepend=\dimen432
)
(d:/texlive/2022/texmf-dist/tex/latex/pgf/compatibility/pgfcomp-version-1-18.st
y
Package: pgfcomp-version-1-18 2021/05/15 v3.1.9a (3.1.9a)
))
(d:/texlive/2022/texmf-dist/tex/generic/pgf/frontendlayer/tikz/tikz.code.tex
Package: tikz 2021/05/15 v3.1.9a (3.1.9a)

(d:/texlive/2022/texmf-dist/tex/generic/pgf/libraries/pgflibraryplothandlers.co
de.tex
File: pgflibraryplothandlers.code.tex 2021/05/15 v3.1.9a (3.1.9a)
\pgf@plot@mark@count=\count451
\pgfplotmarksize=\dimen433
)
\tikz@lastx=\dimen434
\tikz@lasty=\dimen435
\tikz@lastxsaved=\dimen436
\tikz@lastysaved=\dimen437
\tikz@lastmovetox=\dimen438
\tikz@lastmovetoy=\dimen439
\tikzleveldistance=\dimen440
\tikzsiblingdistance=\dimen441
\tikz@figbox=\box148
\tikz@figbox@bg=\box149
\tikz@tempbox=\box150
\tikz@tempbox@bg=\box151
\tikztreelevel=\count452
\tikznumberofchildren=\count453
\tikznumberofcurrentchild=\count454
\tikz@fig@count=\count455

(d:/texlive/2022/texmf-dist/tex/generic/pgf/modules/pgfmodulematrix.code.tex
File: pgfmodulematrix.code.tex 2021/05/15 v3.1.9a (3.1.9a)
\pgfmatrixcurrentrow=\count456
\pgfmatrixcurrentcolumn=\count457
\pgf@matrix@numberofcolumns=\count458
)
\tikz@expandcount=\count459

(d:/texlive/2022/texmf-dist/tex/generic/pgf/frontendlayer/tikz/libraries/tikzli
brarytopaths.code.tex
File: tikzlibrarytopaths.code.tex 2021/05/15 v3.1.9a (3.1.9a)
)))
(d:/texlive/2022/texmf-dist/tex/latex/everypage/everypage.sty
Package: everypage 2020/10/17 R2.0b Hooks to run on every page


Package everypage Warning: Functionality similar to this package has recently
(everypage)                been implemented in LaTeX. This package is now in
(everypage)                legacy status.
(everypage)                Please, don't use it in new documents and packages.


Package everypage Warning: You appear to be running a version of LaTeX
(everypage)                providing the new functionality.
(everypage)                Doing the best to deliver the original `everypage`
(everypage)                interface on top of it. Strict equivalence is
(everypage)                not possible, breakage may occur.
(everypage)                If truly needed, Use `everypage-1x` to force the
(everypage)                loading of an older code base.

) (d:/texlive/2022/texmf-dist/tex/latex/tools/afterpage.sty
Package: afterpage 2014/10/28 v1.08 After-Page Package (DPC)
\AP@output=\toks66
\AP@partial=\box152
\AP@footins=\box153
))
(./filesforteachers/zhidaojiaoshigeifen.tex)
(./filesforteachers/jiaochageifen.tex) (./filesforteachers/dabianchengji.tex)
\@indexfile=\write5
\openout5 = `myTemplate.idx'.


Writing index file myTemplate.idx
(./myTemplate.aux (./tables/coverpage.aux) (./fulu.aux) (./biaoge/kaiti_1.aux)
(./biaoge/kaiti_2.aux) (./tables/pingyue_1.aux) (./tables/pingyue_2.aux)
(./tables/dabian.aux))
\openout1 = `myTemplate.aux'.

LaTeX Font Info:    Checking defaults for OML/cmm/m/it on input line 97.
LaTeX Font Info:    ... okay on input line 97.
LaTeX Font Info:    Checking defaults for OMS/cmsy/m/n on input line 97.
LaTeX Font Info:    ... okay on input line 97.
LaTeX Font Info:    Checking defaults for OT1/cmr/m/n on input line 97.
LaTeX Font Info:    ... okay on input line 97.
LaTeX Font Info:    Checking defaults for T1/cmr/m/n on input line 97.
LaTeX Font Info:    ... okay on input line 97.
LaTeX Font Info:    Checking defaults for TS1/cmr/m/n on input line 97.
LaTeX Font Info:    ... okay on input line 97.
LaTeX Font Info:    Checking defaults for TU/lmr/m/n on input line 97.
LaTeX Font Info:    ... okay on input line 97.
LaTeX Font Info:    Checking defaults for OMX/cmex/m/n on input line 97.
LaTeX Font Info:    ... okay on input line 97.
LaTeX Font Info:    Checking defaults for U/cmr/m/n on input line 97.
LaTeX Font Info:    ... okay on input line 97.
LaTeX Font Info:    Checking defaults for PD1/pdf/m/n on input line 97.
LaTeX Font Info:    ... okay on input line 97.
LaTeX Font Info:    Checking defaults for PU/pdf/m/n on input line 97.
LaTeX Font Info:    ... okay on input line 97.

Package fontspec Info: Adjusting the maths setup (use [no-math] to avoid
(fontspec)             this).

\symlegacymaths=\mathgroup11
LaTeX Font Info:    Overwriting symbol font `legacymaths' in version `bold'
(Font)                  OT1/cmr/m/n --> OT1/cmr/bx/n on input line 97.
LaTeX Font Info:    Redeclaring math accent \acute on input line 97.
LaTeX Font Info:    Redeclaring math accent \grave on input line 97.
LaTeX Font Info:    Redeclaring math accent \ddot on input line 97.
LaTeX Font Info:    Redeclaring math accent \tilde on input line 97.
LaTeX Font Info:    Redeclaring math accent \bar on input line 97.
LaTeX Font Info:    Redeclaring math accent \breve on input line 97.
LaTeX Font Info:    Redeclaring math accent \check on input line 97.
LaTeX Font Info:    Redeclaring math accent \hat on input line 97.
LaTeX Font Info:    Redeclaring math accent \dot on input line 97.
LaTeX Font Info:    Redeclaring math accent \mathring on input line 97.
LaTeX Font Info:    Redeclaring math symbol \Gamma on input line 97.
LaTeX Font Info:    Redeclaring math symbol \Delta on input line 97.
LaTeX Font Info:    Redeclaring math symbol \Theta on input line 97.
LaTeX Font Info:    Redeclaring math symbol \Lambda on input line 97.
LaTeX Font Info:    Redeclaring math symbol \Xi on input line 97.
LaTeX Font Info:    Redeclaring math symbol \Pi on input line 97.
LaTeX Font Info:    Redeclaring math symbol \Sigma on input line 97.
LaTeX Font Info:    Redeclaring math symbol \Upsilon on input line 97.
LaTeX Font Info:    Redeclaring math symbol \Phi on input line 97.
LaTeX Font Info:    Redeclaring math symbol \Psi on input line 97.
LaTeX Font Info:    Redeclaring math symbol \Omega on input line 97.
LaTeX Font Info:    Redeclaring math symbol \mathdollar on input line 97.
LaTeX Font Info:    Redeclaring symbol font `operators' on input line 97.
LaTeX Font Info:    Encoding `OT1' has changed to `TU' for symbol font
(Font)              `operators' in the math version `normal' on input line 97.
LaTeX Font Info:    Overwriting symbol font `operators' in version `normal'
(Font)                  OT1/cmr/m/n --> TU/lmr/m/n on input line 97.
LaTeX Font Info:    Encoding `OT1' has changed to `TU' for symbol font
(Font)              `operators' in the math version `bold' on input line 97.
LaTeX Font Info:    Overwriting symbol font `operators' in version `bold'
(Font)                  OT1/cmr/bx/n --> TU/lmr/m/n on input line 97.
LaTeX Font Info:    Overwriting symbol font `operators' in version `normal'
(Font)                  TU/lmr/m/n --> TU/lmr/m/n on input line 97.
LaTeX Font Info:    Overwriting math alphabet `\mathit' in version `normal'
(Font)                  OT1/cmr/m/it --> TU/lmr/m/it on input line 97.
LaTeX Font Info:    Overwriting math alphabet `\mathbf' in version `normal'
(Font)                  OT1/cmr/bx/n --> TU/lmr/b/n on input line 97.
LaTeX Font Info:    Overwriting math alphabet `\mathsf' in version `normal'
(Font)                  OT1/cmss/m/n --> TU/lmss/m/n on input line 97.
LaTeX Font Info:    Overwriting math alphabet `\mathtt' in version `normal'
(Font)                  OT1/cmtt/m/n --> TU/lmtt/m/n on input line 97.
LaTeX Font Info:    Overwriting symbol font `operators' in version `bold'
(Font)                  TU/lmr/m/n --> TU/lmr/b/n on input line 97.
LaTeX Font Info:    Overwriting math alphabet `\mathit' in version `bold'
(Font)                  OT1/cmr/bx/it --> TU/lmr/b/it on input line 97.
LaTeX Font Info:    Overwriting math alphabet `\mathsf' in version `bold'
(Font)                  OT1/cmss/bx/n --> TU/lmss/b/n on input line 97.
LaTeX Font Info:    Overwriting math alphabet `\mathtt' in version `bold'
(Font)                  OT1/cmtt/m/n --> TU/lmtt/b/n on input line 97.
Package lastpage Info: Please have a look at the pageslts package at
(lastpage)             https://www.ctan.org/pkg/pageslts
(lastpage)             ! on input line 97.
\c@lstlisting=\count460
Package caption Info: Begin \AtBeginDocument code.
Package caption Info: threeparttable package is loaded.
Package caption Info: End \AtBeginDocument code.

*geometry* driver: auto-detecting
*geometry* detected driver: xetex
*geometry* verbose mode - [ preamble ] result:
* driver: xetex
* paper: custom
* layout: <same size as paper>
* layoutoffset:(h,v)=(0.0pt,0.0pt)
* vratio: 24:19
* modes: includehead includefoot 
* h-part:(L,W,R)=(71.13188pt, 455.24408pt, 71.13191pt)
* v-part:(T,H,B)=(53.12402pt, 749.86613pt, 42.05669pt)
* \paperwidth=597.50787pt
* \paperheight=845.04684pt
* \textwidth=455.24408pt
* \textheight=682.86613pt
* \oddsidemargin=-1.1381pt
* \evensidemargin=-1.1381pt
* \topmargin=-28.45274pt
* \headheight=12.0pt
* \headsep=25.0pt
* \topskip=10.0pt
* \footskip=30.0pt
* \marginparwidth=57.0pt
* \marginparsep=11.0pt
* \columnsep=10.0pt
* \skip\footins=9.0pt plus 4.0pt minus 2.0pt
* \hoffset=0.0pt
* \voffset=0.0pt
* \mag=1000
* \@twocolumnfalse
* \@twosidefalse
* \@mparswitchfalse
* \@reversemarginfalse
* (1in=72.27pt=25.4mm, 1cm=28.453pt)

Package hyperref Info: Link coloring ON on input line 97.
(./mytemplate.out) (./mytemplate.out)
\@outlinefile=\write6
\openout6 = `myTemplate.out'.

Package bicaption Info: Main language is not set on input line 97.
\openout2 = `tables/coverpage.aux'.

 (./tables/coverpage.tex
LaTeX Font Info:    Trying to load font information for U+msa on input line 14.


(d:/texlive/2022/texmf-dist/tex/latex/amsfonts/umsa.fd
File: umsa.fd 2013/01/14 v3.01 AMS symbols A
)
LaTeX Font Info:    Trying to load font information for U+msb on input line 14.


(d:/texlive/2022/texmf-dist/tex/latex/amsfonts/umsb.fd
File: umsb.fd 2013/01/14 v3.01 AMS symbols B
)
LaTeX Font Info:    Trying to load font information for U+rsfs on input line 14
.

(d:/texlive/2022/texmf-dist/tex/latex/jknapltx/ursfs.fd
File: ursfs.fd 1998/03/24 rsfs font definition file (jk)
)

LaTeX Font Warning: Font shape `U/rsfs/m/n' in size <10.53937> not available
(Font)              size <10.95> substituted on input line 14.

File: preample/xishi.eps Graphic file (type eps)
<preample/xishi.eps>

LaTeX Font Warning: Font shape `U/rsfs/m/n' in size <22.08249> not available
(Font)              size <20.74> substituted on input line 24.


LaTeX Font Warning: Font shape `U/rsfs/m/n' in size <16.06> not available
(Font)              size <17.28> substituted on input line 24.


Package fontspec Info: Font family 'simkai.ttf(0)' created for font
(fontspec)             'simkai.ttf' with options
(fontspec)             [Script={CJK},AutoFakeBold={4}].
(fontspec)              
(fontspec)              This font family consists of the following NFSS
(fontspec)             series/shapes:
(fontspec)              
(fontspec)             - 'normal' (m/n) with NFSS spec.:
(fontspec)             <->"[simkai.ttf]/OT:script=hani;language=dflt;"
(fontspec)             - 'small caps'  (m/sc) with NFSS spec.: 
(fontspec)             - 'bold' (b/n) with NFSS spec.:
(fontspec)             <->"[simkai.ttf]/OT:script=hani;language=dflt;embolden=4
;"
(fontspec)             - 'bold small caps'  (b/sc) with NFSS spec.: 

) [1


] (./myTemplate.toc)
\tf@toc=\write7
\openout7 = `myTemplate.toc'.

 [1


] (./abstract.tex

Package fontspec Info: Could not resolve font "SimHei/I" (it probably doesn't
(fontspec)             exist).


Package fontspec Info: Could not resolve font "SimHei/BI" (it probably doesn't
(fontspec)             exist).


Package fontspec Info: Could not resolve font "SimHei/I" (it probably doesn't
(fontspec)             exist).


Package fontspec Info: Font family 'SimHei(0)' created for font 'SimHei' with
(fontspec)             options [Script={CJK},AutoFakeBold={4}].
(fontspec)              
(fontspec)              This font family consists of the following NFSS
(fontspec)             series/shapes:
(fontspec)              
(fontspec)             - 'normal' (m/n) with NFSS spec.:
(fontspec)             <->"SimHei/OT:script=hani;language=dflt;"
(fontspec)             - 'small caps'  (m/sc) with NFSS spec.: 
(fontspec)             - 'bold' (b/n) with NFSS spec.:
(fontspec)             <->"SimHei/OT:script=hani;language=dflt;embolden=4;"
(fontspec)             - 'bold small caps'  (b/sc) with NFSS spec.: 


Package fontspec Info: Could not resolve font "FangSong/I" (it probably
(fontspec)             doesn't exist).


Package fontspec Info: Could not resolve font "FangSong/BI" (it probably
(fontspec)             doesn't exist).


Package fontspec Info: Could not resolve font "FangSong/I" (it probably
(fontspec)             doesn't exist).


Package fontspec Info: Font family 'FangSong(0)' created for font 'FangSong'
(fontspec)             with options [Script={CJK},AutoFakeBold={4}].
(fontspec)              
(fontspec)              This font family consists of the following NFSS
(fontspec)             series/shapes:
(fontspec)              
(fontspec)             - 'normal' (m/n) with NFSS spec.:
(fontspec)             <->"FangSong/OT:script=hani;language=dflt;"
(fontspec)             - 'small caps'  (m/sc) with NFSS spec.: 
(fontspec)             - 'bold' (b/n) with NFSS spec.:
(fontspec)             <->"FangSong/OT:script=hani;language=dflt;embolden=4;"
(fontspec)             - 'bold small caps'  (b/sc) with NFSS spec.: 


Package fontspec Info: Could not resolve font "SimSun/I" (it probably doesn't
(fontspec)             exist).


Package fontspec Info: Could not resolve font "SimSun/BI" (it probably doesn't
(fontspec)             exist).


Package fontspec Info: Could not resolve font "SimSun/I" (it probably doesn't
(fontspec)             exist).


Package fontspec Info: Font family 'SimSun(1)' created for font 'SimSun' with
(fontspec)             options [Script={CJK},AutoFakeBold={4}].
(fontspec)              
(fontspec)              This font family consists of the following NFSS
(fontspec)             series/shapes:
(fontspec)              
(fontspec)             - 'normal' (m/n) with NFSS spec.:
(fontspec)             <->"SimSun/OT:script=hani;language=dflt;"
(fontspec)             - 'small caps'  (m/sc) with NFSS spec.: 
(fontspec)             - 'bold' (b/n) with NFSS spec.:
(fontspec)             <->"SimSun/OT:script=hani;language=dflt;embolden=4;"
(fontspec)             - 'bold small caps'  (b/sc) with NFSS spec.: 



LaTeX Font Warning: Font shape `U/rsfs/m/n' in size <7.52812> not available
(Font)              size <8> substituted on input line 29.

) (./body.tex
Overfull \hbox (13.77673pt too wide) in paragraph at lines 12--15
\TU/SimSun(0)/m/n/12.045               |           |
        \TU/lmtt/m/n/12.045 mytemplate.tex[]
 []

[1] [2]
Overfull \hbox (1.32918pt too wide) in paragraph at lines 68--70
[]\TU/lmr/m/n/12.045 T[]X \TU/SimSun(0)/m/n/12.045  \TU/lmr/m/n/12.045 L[]T[]X
 \TU/SimSun(0)/m/n/12.045      \TU/lmr/m/n/12.045 MS \TU/SimSun(0)/m/n/12.
045  \TU/lmr/m/n/12.045 Word \TU/SimSun(0)/m/n/12.045    |     \TU/lmr
/m/n/12.045 \TU/SimSun(0)/m/n/12.045     []\TU/lmr/m/n/12.045 (WYSIWYG[]
\TU/SimSun(0)/m/n/12.045 |
 []

File: codes/292164wenti.eps Graphic file (type eps)
<codes/292164wenti.eps>
[3]
File: options.png Graphic file (type bmp)
<options.png>
File: codes/selectbookmarks.eps Graphic file (type eps)
<codes/selectbookmarks.eps>
 [4]
Overfull \hbox (9.04208pt too wide) in paragraph at lines 122--123
[]\TU/SimSun(0)/m/n/12.045     \TU/lmtt/m/n/12.045 myTemplate.tex \TU/SimSu
n(0)/m/n/12.045          \TU/lmtt/m/n/12.045 TeX\TU/SimSun(0)/m/n/12.0
45 |          \TU/lmtt/m/n/12.045 Make Index
 []

File: gensuoyin.jpg Graphic file (type bmp)
<gensuoyin.jpg>
File: garbagecan.png Graphic file (type bmp)
<garbagecan.png>
File: deletewin.png Graphic file (type bmp)
<deletewin.png>
[5] [6] [7]
File: wangyang_2.pdf Graphic file (type pdf)
<use wangyang_2.pdf>

Overfull \hbox (26.4215pt too wide) in paragraph at lines 203--203
 [] 
 []

Package hyperref Info: bookmark level for unknown algorithm defaults to 0 on in
put line 230.
LaTeX Font Info:    Font shape `U/lasy/b/n' in size <7> not available
(Font)              Font shape `U/lasy/m/n' tried instead on input line 283.
LaTeX Font Info:    Font shape `U/lasy/b/n' in size <5> not available
(Font)              Font shape `U/lasy/m/n' tried instead on input line 283.
[8] [9] [10]
Overfull \vbox (23.03377pt too high) detected at line 351
 []


Overfull \vbox (21.75323pt too high) detected at line 351
 []

[11] [12]
File: preample/ms.eps Graphic file (type eps)
<preample/ms.eps>
File: preample/ms.eps Graphic file (type eps)
<preample/ms.eps>
File: preample/xishi.eps Graphic file (type eps)
<preample/xishi.eps>

Overfull \hbox (19.3467pt too wide) in paragraph at lines 555--555
 [][] 
 []

File: preample/xishi.eps Graphic file (type eps)
<preample/xishi.eps>
File: preample/ms.eps Graphic file (type eps)
<preample/ms.eps>
[13] [14]) (./bibfile.tex
LaTeX Font Info:    Font shape `TU/SimSun(0)/m/sl' in size <10.53937> not avail
able
(Font)              Font shape `TU/SimSun(0)/m/it' tried instead on input line 
10.
) (./myTemplate.ind [15]
Missing character: There is no  (U+05F0) in font [lmroman10-regular]:mapping=t
ex-text;!
Invalid UTF-8 byte or sequence at line 5 replaced by U+FFFD.
Invalid UTF-8 byte or sequence at line 5 replaced by U+FFFD.
Invalid UTF-8 byte or sequence at line 5 replaced by U+FFFD.
Invalid UTF-8 byte or sequence at line 5 replaced by U+FFFD.
Invalid UTF-8 byte or sequence at line 5 replaced by U+FFFD.
Missing character: There is no  (U+FFFD) in font [lmroman10-regular]:mapping=t
ex-text;!
Missing character: There is no  (U+FFFD) in font [lmroman10-regular]:mapping=t
ex-text;!
Missing character: There is no  (U+FFFD) in font [lmroman10-regular]:mapping=t
ex-text;!
Missing character: There is no  (U+FFFD) in font [lmroman10-regular]:mapping=t
ex-text;!
Missing character: There is no  (U+FFFD) in font [lmroman10-regular]:mapping=t
ex-text;!
Invalid UTF-8 byte or sequence at line 6 replaced by U+FFFD.
Invalid UTF-8 byte or sequence at line 6 replaced by U+FFFD.
Missing character: There is no  (U+FFFD) in font [lmroman10-regular]:mapping=t
ex-text;!
Missing character: There is no  (U+FFFD) in font [lmroman10-regular]:mapping=t
ex-text;!
Missing character: There is no  (U+057E) in font [lmroman10-regular]:mapping=t
ex-text;!
Invalid UTF-8 byte or sequence at line 8 replaced by U+FFFD.
Missing character: There is no  (U+FFFD) in font [lmroman10-regular]:mapping=t
ex-text;!
Invalid UTF-8 byte or sequence at line 44 replaced by U+FFFD.
Invalid UTF-8 byte or sequence at line 44 replaced by U+FFFD.
Invalid UTF-8 byte or sequence at line 44 replaced by U+FFFD.
Invalid UTF-8 byte or sequence at line 44 replaced by U+FFFD.
Missing character: There is no  (U+FFFD) in font [lmroman10-regular]:mapping=t
ex-text;!
Missing character: There is no  (U+FFFD) in font [lmroman10-regular]:mapping=t
ex-text;!
Missing character: There is no  (U+FFFD) in font [lmroman10-regular]:mapping=t
ex-text;!
Missing character: There is no  (U+FFFD) in font [lmroman10-regular]:mapping=t
ex-text;!
Invalid UTF-8 byte or sequence at line 72 replaced by U+FFFD.
Invalid UTF-8 byte or sequence at line 72 replaced by U+FFFD.
Missing character: There is no  (U+FFFD) in font [lmroman10-regular]:mapping=t
ex-text;!
Missing character: There is no  (U+FFFD) in font [lmroman10-regular]:mapping=t
ex-text;!
Invalid UTF-8 byte or sequence at line 76 replaced by U+FFFD.
Missing character: There is no  (U+FFFD) in font [lmroman10-regular]:mapping=t
ex-text;!
Missing character: There is no  (U+037C) in font [lmroman10-regular]:mapping=t
ex-text;!
Invalid UTF-8 byte or sequence at line 80 replaced by U+FFFD.
Invalid UTF-8 byte or sequence at line 80 replaced by U+FFFD.
Invalid UTF-8 byte or sequence at line 80 replaced by U+FFFD.
Invalid UTF-8 byte or sequence at line 80 replaced by U+FFFD.
Invalid UTF-8 byte or sequence at line 80 replaced by U+FFFD.
Invalid UTF-8 byte or sequence at line 80 replaced by U+FFFD.
Invalid UTF-8 byte or sequence at line 80 replaced by U+FFFD.
Missing character: There is no  (U+FFFD) in font [lmroman10-regular]:mapping=t
ex-text;!
Missing character: There is no  (U+FFFD) in font [lmroman10-regular]:mapping=t
ex-text;!
Missing character: There is no  (U+FFFD) in font [lmroman10-regular]:mapping=t
ex-text;!
Missing character: There is no  (U+FFFD) in font [lmroman10-regular]:mapping=t
ex-text;!
Missing character: There is no  (U+FFFD) in font [lmroman10-regular]:mapping=t
ex-text;!
Missing character: There is no  (U+FFFD) in font [lmroman10-regular]:mapping=t
ex-text;!
Missing character: There is no  (U+FFFD) in font [lmroman10-regular]:mapping=t
ex-text;!
Invalid UTF-8 byte or sequence at line 84 replaced by U+FFFD.
Invalid UTF-8 byte or sequence at line 84 replaced by U+FFFD.
Invalid UTF-8 byte or sequence at line 84 replaced by U+FFFD.
Invalid UTF-8 byte or sequence at line 84 replaced by U+FFFD.
Invalid UTF-8 byte or sequence at line 84 replaced by U+FFFD.
Invalid UTF-8 byte or sequence at line 84 replaced by U+FFFD.
Missing character: There is no  (U+FFFD) in font [lmroman10-regular]:mapping=t
ex-text;!
Missing character: There is no  (U+FFFD) in font [lmroman10-regular]:mapping=t
ex-text;!
Missing character: There is no  (U+FFFD) in font [lmroman10-regular]:mapping=t
ex-text;!
Missing character: There is no  (U+FFFD) in font [lmroman10-regular]:mapping=t
ex-text;!
Missing character: There is no  (U+FFFD) in font [lmroman10-regular]:mapping=t
ex-text;!
Missing character: There is no  (U+FFFD) in font [lmroman10-regular]:mapping=t
ex-text;!
Invalid UTF-8 byte or sequence at line 88 replaced by U+FFFD.
Invalid UTF-8 byte or sequence at line 88 replaced by U+FFFD.
Invalid UTF-8 byte or sequence at line 88 replaced by U+FFFD.
Missing character: There is no  (U+FFFD) in font [lmroman10-regular]:mapping=t
ex-text;!
Missing character: There is no  (U+FFFD) in font [lmroman10-regular]:mapping=t
ex-text;!
Missing character: There is no  (U+FFFD) in font [lmroman10-regular]:mapping=t
ex-text;!
Invalid UTF-8 byte or sequence at line 92 replaced by U+FFFD.
Invalid UTF-8 byte or sequence at line 92 replaced by U+FFFD.
Invalid UTF-8 byte or sequence at line 92 replaced by U+FFFD.
Invalid UTF-8 byte or sequence at line 92 replaced by U+FFFD.
Missing character: There is no  (U+FFFD) in font [lmroman10-regular]:mapping=t
ex-text;!
Missing character: There is no  (U+FFFD) in font [lmroman10-regular]:mapping=t
ex-text;!
Missing character: There is no  (U+FFFD) in font [lmroman10-regular]:mapping=t
ex-text;!
Missing character: There is no  (U+FFFD) in font [lmroman10-regular]:mapping=t
ex-text;!
Invalid UTF-8 byte or sequence at line 93 replaced by U+FFFD.
Invalid UTF-8 byte or sequence at line 93 replaced by U+FFFD.
Invalid UTF-8 byte or sequence at line 93 replaced by U+FFFD.
Invalid UTF-8 byte or sequence at line 93 replaced by U+FFFD.
Invalid UTF-8 byte or sequence at line 93 replaced by U+FFFD.
Missing character: There is no  (U+0476) in font [lmroman10-regular]:mapping=t
ex-text;!
Missing character: There is no  (U+FFFD) in font [lmroman10-regular]:mapping=t
ex-text;!
Missing character: There is no  (U+FFFD) in font [lmroman10-regular]:mapping=t
ex-text;!
Missing character: There is no  (U+FFFD) in font [lmroman10-regular]:mapping=t
ex-text;!
Missing character: There is no  (U+0421) in font [lmroman10-regular]:mapping=t
ex-text;!
Missing character: There is no  (U+FFFD) in font [lmroman10-regular]:mapping=t
ex-text;!
Missing character: There is no  (U+FFFD) in font [lmroman10-regular]:mapping=t
ex-text;!
Missing character: There is no  (U+02BD) in font [lmroman10-regular]:mapping=t
ex-text;!
Invalid UTF-8 byte or sequence at line 105 replaced by U+FFFD.
Invalid UTF-8 byte or sequence at line 105 replaced by U+FFFD.
Invalid UTF-8 byte or sequence at line 105 replaced by U+FFFD.
Invalid UTF-8 byte or sequence at line 105 replaced by U+FFFD.
Invalid UTF-8 byte or sequence at line 105 replaced by U+FFFD.
Missing character: There is no  (U+FFFD) in font [lmroman10-regular]:mapping=t
ex-text;!
Missing character: There is no  (U+FFFD) in font [lmroman10-regular]:mapping=t
ex-text;!
Missing character: There is no  (U+FFFD) in font [lmroman10-regular]:mapping=t
ex-text;!
Missing character: There is no  (U+FFFD) in font [lmroman10-regular]:mapping=t
ex-text;!
Missing character: There is no  (U+FFFD) in font [lmroman10-regular]:mapping=t
ex-text;!
Invalid UTF-8 byte or sequence at line 109 replaced by U+FFFD.
Invalid UTF-8 byte or sequence at line 109 replaced by U+FFFD.
Invalid UTF-8 byte or sequence at line 109 replaced by U+FFFD.
Invalid UTF-8 byte or sequence at line 109 replaced by U+FFFD.
Missing character: There is no  (U+FFFD) in font [lmroman10-regular]:mapping=t
ex-text;!
Missing character: There is no  (U+FFFD) in font [lmroman10-regular]:mapping=t
ex-text;!
Missing character: There is no  (U+FFFD) in font [lmroman10-regular]:mapping=t
ex-text;!
Missing character: There is no  (U+FFFD) in font [lmroman10-regular]:mapping=t
ex-text;!
Invalid UTF-8 byte or sequence at line 110 replaced by U+FFFD.
Invalid UTF-8 byte or sequence at line 110 replaced by U+FFFD.
Missing character: There is no  (U+FFFD) in font [lmroman10-regular]:mapping=t
ex-text;!
Missing character: There is no  (U+FFFD) in font [lmroman10-regular]:mapping=t
ex-text;!
Invalid UTF-8 byte or sequence at line 114 replaced by U+FFFD.
Invalid UTF-8 byte or sequence at line 114 replaced by U+FFFD.
Missing character: There is no  (U+FFFD) in font [lmroman10-regular]:mapping=t
ex-text;!
Missing character: There is no  (U+FFFD) in font [lmroman10-regular]:mapping=t
ex-text;!
Missing character: There is no  (U+01E9) in font [lmroman10-regular]:mapping=t
ex-text;!
Invalid UTF-8 byte or sequence at line 115 replaced by U+FFFD.
Invalid UTF-8 byte or sequence at line 115 replaced by U+FFFD.
Missing character: There is no  (U+FFFD) in font [lmroman10-regular]:mapping=t
ex-text;!
Missing character: There is no  (U+FFFD) in font [lmroman10-regular]:mapping=t
ex-text;!
Missing character: There is no  (U+0467) in font [lmroman10-regular]:mapping=t
ex-text;!
Invalid UTF-8 byte or sequence at line 119 replaced by U+FFFD.
Invalid UTF-8 byte or sequence at line 119 replaced by U+FFFD.
Invalid UTF-8 byte or sequence at line 119 replaced by U+FFFD.
Invalid UTF-8 byte or sequence at line 119 replaced by U+FFFD.
Missing character: There is no  (U+FFFD) in font [lmroman10-regular]:mapping=t
ex-text;!
Missing character: There is no  (U+FFFD) in font [lmroman10-regular]:mapping=t
ex-text;!
Missing character: There is no  (U+FFFD) in font [lmroman10-regular]:mapping=t
ex-text;!
Missing character: There is no  (U+FFFD) in font [lmroman10-regular]:mapping=t
ex-text;!
Invalid UTF-8 byte or sequence at line 120 replaced by U+FFFD.
Invalid UTF-8 byte or sequence at line 120 replaced by U+FFFD.
Invalid UTF-8 byte or sequence at line 120 replaced by U+FFFD.
Missing character: There is no  (U+FFFD) in font [lmroman10-regular]:mapping=t
ex-text;!
Missing character: There is no  (U+FFFD) in font [lmroman10-regular]:mapping=t
ex-text;!
Missing character: There is no  (U+FFFD) in font [lmroman10-regular]:mapping=t
ex-text;!
Invalid UTF-8 byte or sequence at line 121 replaced by U+FFFD.
Invalid UTF-8 byte or sequence at line 121 replaced by U+FFFD.
Invalid UTF-8 byte or sequence at line 121 replaced by U+FFFD.
Invalid UTF-8 byte or sequence at line 121 replaced by U+FFFD.
Missing character: There is no  (U+FFFD) in font [lmroman10-regular]:mapping=t
ex-text;!
Missing character: There is no  (U+FFFD) in font [lmroman10-regular]:mapping=t
ex-text;!
Missing character: There is no  (U+FFFD) in font [lmroman10-regular]:mapping=t
ex-text;!
Missing character: There is no  (U+FFFD) in font [lmroman10-regular]:mapping=t
ex-text;!
Invalid UTF-8 byte or sequence at line 122 replaced by U+FFFD.
Invalid UTF-8 byte or sequence at line 122 replaced by U+FFFD.
Invalid UTF-8 byte or sequence at line 122 replaced by U+FFFD.
Invalid UTF-8 byte or sequence at line 122 replaced by U+FFFD.
Invalid UTF-8 byte or sequence at line 122 replaced by U+FFFD.
Invalid UTF-8 byte or sequence at line 122 replaced by U+FFFD.
Invalid UTF-8 byte or sequence at line 122 replaced by U+FFFD.
Invalid UTF-8 byte or sequence at line 122 replaced by U+FFFD.
Missing character: There is no  (U+FFFD) in font [lmroman10-regular]:mapping=t
ex-text;!
Missing character: There is no  (U+FFFD) in font [lmroman10-regular]:mapping=t
ex-text;!
Missing character: There is no  (U+FFFD) in font [lmroman10-regular]:mapping=t
ex-text;!
Missing character: There is no  (U+FFFD) in font [lmroman10-regular]:mapping=t
ex-text;!
Missing character: There is no  (U+FFFD) in font [lmroman10-regular]:mapping=t
ex-text;!
Missing character: There is no  (U+FFFD) in font [lmroman10-regular]:mapping=t
ex-text;!
Missing character: There is no  (U+FFFD) in font [lmroman10-regular]:mapping=t
ex-text;!
Missing character: There is no  (U+FFFD) in font [lmroman10-regular]:mapping=t
ex-text;!
Invalid UTF-8 byte or sequence at line 123 replaced by U+FFFD.
Invalid UTF-8 byte or sequence at line 123 replaced by U+FFFD.
Invalid UTF-8 byte or sequence at line 123 replaced by U+FFFD.
Invalid UTF-8 byte or sequence at line 123 replaced by U+FFFD.
Invalid UTF-8 byte or sequence at line 123 replaced by U+FFFD.
Invalid UTF-8 byte or sequence at line 123 replaced by U+FFFD.
Missing character: There is no  (U+FFFD) in font [lmroman10-regular]:mapping=t
ex-text;!
Missing character: There is no  (U+FFFD) in font [lmroman10-regular]:mapping=t
ex-text;!
Missing character: There is no  (U+FFFD) in font [lmroman10-regular]:mapping=t
ex-text;!
Missing character: There is no  (U+FFFD) in font [lmroman10-regular]:mapping=t
ex-text;!
Missing character: There is no  (U+FFFD) in font [lmroman10-regular]:mapping=t
ex-text;!
Missing character: There is no  (U+FFFD) in font [lmroman10-regular]:mapping=t
ex-text;!
Invalid UTF-8 byte or sequence at line 124 replaced by U+FFFD.
Invalid UTF-8 byte or sequence at line 124 replaced by U+FFFD.
Invalid UTF-8 byte or sequence at line 124 replaced by U+FFFD.
Invalid UTF-8 byte or sequence at line 124 replaced by U+FFFD.
Invalid UTF-8 byte or sequence at line 124 replaced by U+FFFD.
Invalid UTF-8 byte or sequence at line 124 replaced by U+FFFD.
Missing character: There is no  (U+FFFD) in font [lmroman10-regular]:mapping=t
ex-text;!
Missing character: There is no  (U+FFFD) in font [lmroman10-regular]:mapping=t
ex-text;!
Missing character: There is no  (U+FFFD) in font [lmroman10-regular]:mapping=t
ex-text;!
Missing character: There is no  (U+BF34) in font SimSun/OT:script=hani;languag
e=dflt;!
Missing character: There is no  (U+FFFD) in font [lmroman10-regular]:mapping=t
ex-text;!
Missing character: There is no  (U+FFFD) in font [lmroman10-regular]:mapping=t
ex-text;!
Missing character: There is no  (U+FFFD) in font [lmroman10-regular]:mapping=t
ex-text;!
Invalid UTF-8 byte or sequence at line 128 replaced by U+FFFD.
Invalid UTF-8 byte or sequence at line 128 replaced by U+FFFD.
Invalid UTF-8 byte or sequence at line 128 replaced by U+FFFD.
Invalid UTF-8 byte or sequence at line 128 replaced by U+FFFD.
Missing character: There is no  (U+037C) in font [lmroman10-regular]:mapping=t
ex-text;!
Missing character: There is no  (U+FFFD) in font [lmroman10-regular]:mapping=t
ex-text;!
Missing character: There is no  (U+03B2) in font [lmroman10-regular]:mapping=t
ex-text;!
Missing character: There is no  (U+FFFD) in font [lmroman10-regular]:mapping=t
ex-text;!
Missing character: There is no  (U+FFFD) in font [lmroman10-regular]:mapping=t
ex-text;!
Missing character: There is no  (U+FFFD) in font [lmroman10-regular]:mapping=t
ex-text;!
Invalid UTF-8 byte or sequence at line 132 replaced by U+FFFD.
Invalid UTF-8 byte or sequence at line 132 replaced by U+FFFD.
Invalid UTF-8 byte or sequence at line 132 replaced by U+FFFD.
Missing character: There is no  (U+FFFD) in font [lmroman10-regular]:mapping=t
ex-text;!
Missing character: There is no  (U+FFFD) in font [lmroman10-regular]:mapping=t
ex-text;!
Missing character: There is no  (U+FFFD) in font [lmroman10-regular]:mapping=t
ex-text;!
Invalid UTF-8 byte or sequence at line 141 replaced by U+FFFD.
Invalid UTF-8 byte or sequence at line 141 replaced by U+FFFD.
Invalid UTF-8 byte or sequence at line 141 replaced by U+FFFD.
Invalid UTF-8 byte or sequence at line 141 replaced by U+FFFD.
Missing character: There is no  (U+FFFD) in font [lmroman10-regular]:mapping=t
ex-text;!
Missing character: There is no  (U+FFFD) in font [lmroman10-regular]:mapping=t
ex-text;!
Missing character: There is no  (U+FFFD) in font [lmroman10-regular]:mapping=t
ex-text;!
Missing character: There is no  (U+FFFD) in font [lmroman10-regular]:mapping=t
ex-text;!
[16

]) (./thanks.tex) [17

]
\openout2 = `fulu.aux'.

 (./fulu.tex
Package hyperref Info: bookmark level for unknown lstlisting defaults to 0 on i
nput line 28.
 (./codes/equalsumpartition.m
LaTeX Font Info:    Font shape `TU/lmtt/bx/n' in size <9.03374> not available
(Font)              Font shape `TU/lmtt/b/n' tried instead on input line 1.
 [18

])
(d:/texlive/2022/texmf-dist/tex/latex/listings/lstlang1.sty
File: lstlang1.sty 2020/03/24 1.8d listings language file
)
(d:/texlive/2022/texmf-dist/tex/latex/listings/lstlang1.sty
File: lstlang1.sty 2020/03/24 1.8d listings language file
)
(d:/texlive/2022/texmf-dist/tex/latex/listings/lstlang1.sty
File: lstlang1.sty 2020/03/24 1.8d listings language file
) [19]
(./codes/primeSieve.txt) (./codes/example.R
Invalid UTF-8 byte or sequence at line 1 replaced by U+FFFD.
Invalid UTF-8 byte or sequence at line 1 replaced by U+FFFD.
Invalid UTF-8 byte or sequence at line 1 replaced by U+FFFD.
Invalid UTF-8 byte or sequence at line 1 replaced by U+FFFD.

Missing character: There is no  (U+0236) in font [lmmono9-regular]:!
Missing character: There is no  (U+FFFD) in font [lmmono9-regular]:!
Missing character: There is no  (U+FFFD) in font [lmmono9-regular]:!
Missing character: There is no  (U+FFFD) in font [lmmono9-regular]:!
Missing character: There is no  (U+06B3) in font [lmmono9-regular]:!
Missing character: There is no  (U+FFFD) in font [lmmono9-regular]:!
[20]
Invalid UTF-8 byte or sequence at line 7 replaced by U+FFFD.
Invalid UTF-8 byte or sequence at line 7 replaced by U+FFFD.
Invalid UTF-8 byte or sequence at line 7 replaced by U+FFFD.
Invalid UTF-8 byte or sequence at line 7 replaced by U+FFFD.
Invalid UTF-8 byte or sequence at line 7 replaced by U+FFFD.
Invalid UTF-8 byte or sequence at line 7 replaced by U+FFFD.
Invalid UTF-8 byte or sequence at line 7 replaced by U+FFFD.
Invalid UTF-8 byte or sequence at line 7 replaced by U+FFFD.
Invalid UTF-8 byte or sequence at line 7 replaced by U+FFFD.
Invalid UTF-8 byte or sequence at line 7 replaced by U+FFFD.
Invalid UTF-8 byte or sequence at line 7 replaced by U+FFFD.
Invalid UTF-8 byte or sequence at line 7 replaced by U+FFFD.
Invalid UTF-8 byte or sequence at line 7 replaced by U+FFFD.

Missing character: There is no  (U+FFFD) in font [lmmono9-regular]:!
Missing character: There is no  (U+FFFD) in font [lmmono9-regular]:!
Missing character: There is no  (U+FFFD) in font [lmmono9-regular]:!
Missing character: There is no  (U+FFFD) in font [lmmono9-regular]:!
Missing character: There is no  (U+FFFD) in font [lmmono9-regular]:!
Missing character: There is no  (U+0435) in font [lmmono9-regular]:!
Missing character: There is no  (U+FFFD) in font [lmmono9-regular]:!
Missing character: There is no  (U+FFFD) in font [lmmono9-regular]:!
Missing character: There is no  (U+FFFD) in font [lmmono9-regular]:!
Missing character: There is no  (U+03E2) in font [lmmono9-regular]:!
Missing character: There is no  (U+0371) in font [lmmono9-regular]:!
Missing character: There is no  (U+FFFD) in font [lmmono9-regular]:!
Missing character: There is no  (U+FFFD) in font [lmmono9-regular]:!
Missing character: There is no  (U+FFFD) in font [lmmono9-regular]:!
Missing character: There is no  (U+FFFD) in font [lmmono9-regular]:!
Missing character: There is no  (U+FFFD) in font [lmmono9-regular]:!
Missing character: There is no  (U+03E2) in font [lmmono9-regular]:!
Invalid UTF-8 byte or sequence at line 13 replaced by U+FFFD.
Missing character: There is no  (U+FFFD) in font [lmmono9-regular]:!
) (d:/texlive/2022/texmf-dist/tex/latex/listings/lstlang1.sty
File: lstlang1.sty 2020/03/24 1.8d listings language file
)
(./codes/mytestdes.cpp [21] [22] [23] [24] [25] [26] [27] [28] [29] [30]
[31] [32] [33])) [34]
\openout2 = `biaoge/kaiti_1.aux'.

 (./biaoge/kaiti_1.tex
Underfull \vbox (badness 10000) detected at line 17
 []

)
Overfull \hbox (2.79225pt too wide) in paragraph at lines 6--132
[][] 
 []

[34



]
\openout2 = `biaoge/kaiti_2.aux'.

 (./biaoge/kaiti_2.tex
Underfull \hbox (badness 1616) in paragraph at lines 9--9
\TU/SimSun(1)/m/n/10.53937         \TU/lmtt/m/n/10.53937 biaoge \TU/Sim
Sun(1)/m/n/10.53937     \TU/lmtt/m/n/10.53937 kaiti_2.tex \TU/SimSun(1)/m/n
/10.53937   |    []   []  
 []

) [35



]
\openout2 = `tables/pingyue_1.aux'.

 (./tables/pingyue_1.tex
File: preample/xishi.eps Graphic file (type eps)
<preample/xishi.eps>

Overfull \hbox (2.00346pt too wide) in paragraph at lines 12--12
[]|\TU/SimSun(1)/m/n/10.53937 
 []


Overfull \hbox (2.00346pt too wide) in paragraph at lines 12--12
\TU/SimSun(1)/m/n/10.53937 
 []


Overfull \hbox (2.00346pt too wide) in paragraph at lines 12--12
\TU/SimSun(1)/m/n/10.53937 
 []


Overfull \hbox (2.00346pt too wide) in paragraph at lines 12--12
\TU/SimSun(1)/m/n/10.53937 | 
 []

)
Overfull \hbox (11.85223pt too wide) in paragraph at lines 5--138
[][] 
 []

[36



]
\openout2 = `tables/pingyue_2.aux'.

 (./tables/pingyue_2.tex
File: preample/xishi.eps Graphic file (type eps)
<preample/xishi.eps>

Overfull \hbox (2.00346pt too wide) in paragraph at lines 12--12
[]|\TU/SimSun(1)/m/n/10.53937 
 []


Overfull \hbox (2.00346pt too wide) in paragraph at lines 12--12
\TU/SimSun(1)/m/n/10.53937 
 []


Overfull \hbox (2.00346pt too wide) in paragraph at lines 12--12
\TU/SimSun(1)/m/n/10.53937 
 []


Overfull \hbox (2.00346pt too wide) in paragraph at lines 12--12
\TU/SimSun(1)/m/n/10.53937 | 
 []


Underfull \hbox (badness 10000) in paragraph at lines 18--18
[]\TU/simkai.ttf(0)/m/n/10.53937       \TU/SimSun(1)/m/n/10.53937    
                   
 []

)
Overfull \hbox (11.85223pt too wide) in paragraph at lines 5--140
[][] 
 []

[37



]
\openout2 = `tables/dabian.aux'.

 (./tables/dabian.tex
File: preample/xishi.eps Graphic file (type eps)
<preample/xishi.eps>

Overfull \hbox (2.00346pt too wide) in paragraph at lines 11--11
[]|\TU/SimSun(1)/m/n/10.53937 
 []


Overfull \hbox (2.00346pt too wide) in paragraph at lines 11--11
\TU/SimSun(1)/m/n/10.53937 
 []


Overfull \hbox (2.00346pt too wide) in paragraph at lines 11--11
\TU/SimSun(1)/m/n/10.53937 
 []


Overfull \hbox (2.00346pt too wide) in paragraph at lines 11--11
\TU/SimSun(1)/m/n/10.53937 | 
 []

(./biaoge/dabianjilu.tex)
Overfull \hbox (2.00346pt too wide) in paragraph at lines 17--17
[]|\TU/SimSun(1)/m/n/10.53937 
 []


Overfull \hbox (2.00346pt too wide) in paragraph at lines 17--17
\TU/SimSun(1)/m/n/10.53937 
 []


Overfull \hbox (2.00346pt too wide) in paragraph at lines 17--17
\TU/SimSun(1)/m/n/10.53937 
 []


Overfull \hbox (2.00346pt too wide) in paragraph at lines 17--17
\TU/SimSun(1)/m/n/10.53937 | 
 []


Underfull \hbox (badness 10000) in paragraph at lines 22--22
[]\TU/SimSun(1)/m/n/10.53937                    \TU/lmtt/m/n
/10.53937 filesforteachers \TU/SimSun(1)/m/n/10.53937   
 []

) [38



] 
AED: lastpage setting LastPage

Package caption Warning: Unused \captionsetup[bi-second] on input line 45.
See the caption package documentation for explanation.

(./myTemplate.aux (./tables/coverpage.aux) (./fulu.aux) (./biaoge/kaiti_1.aux)
(./biaoge/kaiti_2.aux) (./tables/pingyue_1.aux) (./tables/pingyue_2.aux)
(./tables/dabian.aux))

LaTeX Font Warning: Size substitutions with differences
(Font)              up to 1.34248pt have occurred.

Package rerunfilecheck Info: File `myTemplate.out' has not changed.
(rerunfilecheck)             Checksum: 782B62CF1CC3259A14D0F34417055A86;3184.
 ) 
Here is how much of TeX's memory you used:
 47655 strings out of 475644
 986619 string characters out of 5799830
 2968497 words of memory out of 5000000
 67983 multiletter control sequences out of 15000+600000
 500905 words of font info for 234 fonts, out of 8000000 for 9000
 1348 hyphenation exceptions out of 8191
 103i,17n,154p,3263b,8646s stack positions out of 10000i,1000n,20000p,200000b,200000s

Output written on myTemplate.pdf (41 pages).
